#-----------------------------------------------------------
# Vivado v2020.2 (64-bit)
# SW Build 3064766 on Wed Nov 18 09:12:45 MST 2020
# IP Build 3064653 on Wed Nov 18 14:17:31 MST 2020
# Start of session at: Thu Aug 24 16:37:05 2023
# Process ID: 21264
# Current directory: E:/RFSoC/GIT/RFSoC/RFSoC_Design_V1_1/IP_File_00/TCL
# Command line: vivado.exe -mode batch -source E:\RFSoC\GIT\RFSoC\RFSoC_Design_V1_1\IP_File_00\RFDC_DDS\RFDC_DDS.tcl
# Log file: E:/RFSoC/GIT/RFSoC/RFSoC_Design_V1_1/IP_File_00/TCL/vivado.log
# Journal file: E:/RFSoC/GIT/RFSoC/RFSoC_Design_V1_1/IP_File_00/TCL\vivado.jou
#-----------------------------------------------------------
source {E:\RFSoC\GIT\RFSoC\RFSoC_Design_V1_1\IP_File_00\RFDC_DDS\RFDC_DDS.tcl}
# set project_name "RFDC_DDS"
# set project_dir "E:/RFSoC/GIT/RFSoC/RFSoC_Design_V1_1/IP_File_00/RFDC_DDS"
# create_project ${project_name} ${project_dir}/${project_name} -part xczu28dr-ffvg1517-2-e
# set boardpath {E:/Xilinx/Vivado/2020.2/data/boards/board_files}
# set_param board.repoPaths [list $boardpath]
# set_property BOARD_PART xilinx.com:zcu111:part0:1.4 [current_project]
# create_ip -dir E:/RFSoC/GIT/RFSoC/RFSoC_Design_V1_1/IP_File_00/RFDC_DDS -name dds_compiler -vendor xilinx.com -library ip -version 6.0 -module_name dds_compiler_0
INFO: [IP_Flow 19-234] Refreshing IP repositories
INFO: [IP_Flow 19-1704] No user IP repositories specified
INFO: [IP_Flow 19-2313] Loaded Vivado IP repository 'E:/Xilinx/Vivado/2020.2/data/ip'.
# set_property -dict [list CONFIG.PartsPresent {SIN_COS_LUT_only} CONFIG.Spurious_Free_Dynamic_Range {90} CONFIG.Frequency_Resolution {0.01} CONFIG.Phase_Width {14} CONFIG.Output_Width {14} CONFIG.Output_Selection {Sine} CONFIG.Optimization_Goal {Speed} CONFIG.Latency_Configuration {Configurable} CONFIG.Latency {1} CONFIG.Parameter_Entry {Hardware_Parameters} CONFIG.Noise_Shaping {None} CONFIG.Has_Phase_Out {false} CONFIG.DATA_Has_TLAST {Not_Required} CONFIG.S_PHASE_Has_TUSER {Not_Required} CONFIG.M_DATA_Has_TUSER {Not_Required} CONFIG.Output_Frequency1 {0} CONFIG.PINC1 {0}] [get_ips dds_compiler_0]
WARNING: [IP_Flow 19-3374] An attempt to modify the value of disabled parameter 'Spurious_Free_Dynamic_Range' from '45' to '90' has been ignored for IP 'dds_compiler_0'
WARNING: [IP_Flow 19-3374] An attempt to modify the value of disabled parameter 'Frequency_Resolution' from '0.4' to '0.01' has been ignored for IP 'dds_compiler_0'
INFO: [Common 17-206] Exiting Vivado at Thu Aug 24 16:37:15 2023...
