#-----------------------------------------------------------
# Vivado v2020.2 (64-bit)
# SW Build 3064766 on Wed Nov 18 09:12:45 MST 2020
# IP Build 3064653 on Wed Nov 18 14:17:31 MST 2020
# Start of session at: Fri Jul 21 13:13:21 2023
# Process ID: 23708
# Current directory: E:/RFSoC/GIT/RFSoC/RFSoC_Design_V1_1/IP_File_00/TCL
# Command line: vivado.exe -mode batch -source IP_File00.tcl
# Log file: E:/RFSoC/GIT/RFSoC/RFSoC_Design_V1_1/IP_File_00/TCL/vivado.log
# Journal file: E:/RFSoC/GIT/RFSoC/RFSoC_Design_V1_1/IP_File_00/TCL\vivado.jou
#-----------------------------------------------------------
source IP_File00.tcl
# set project_name "RFDC_Controller"
# set project_dir "E:/RFSoC/GIT/RFSoC/RFSoC_Design_V1_1/IP_File_00/RFDC_Controller"
# create_project ${project_name} ${project_dir}/${project_name} -part xczu28dr-ffvg1517-2-e
# add_files {E:/RFSoC/GIT/RFSoC/RFSoC_Design_V1_1/IP_File_00/RFDC_Controller/fifo_generator_0/fifo_generator_0.xci}
INFO: [IP_Flow 19-234] Refreshing IP repositories
INFO: [IP_Flow 19-1704] No user IP repositories specified
INFO: [IP_Flow 19-2313] Loaded Vivado IP repository 'E:/Xilinx/Vivado/2020.2/data/ip'.
# add_files {E:/RFSoC/GIT/RFSoC/RFSoC_Design_V1_1/IP_File_00/RFDC_Controller/fifo_generator_1/fifo_generator_1.xci}
# add_files {E:/RFSoC/GIT/RFSoC/RFSoC_Design_V1_1/IP_File_00/RFDC_Controller/fifo_generator_2/fifo_generator_2.xci}
# add_files {E:/RFSoC/GIT/RFSoC/RFSoC_Design_V1_1/IP_File_00/RFDC_Controller/fifo_generator_3/fifo_generator_3.xci}
# add_files -norecurse {E:/RFSoC/GIT/RFSoC/RFSoC_Design_V1_1/IP_File_00/RFDC_Controller/RFDC_Controller.sv}
# add_files -norecurse {E:/RFSoC/GIT/RFSoC/RFSoC_Design_V1_1/IP_File_00/RFDC_Controller/AXI2FIFO.sv}
# add_files -norecurse {E:/RFSoC/GIT/RFSoC/RFSoC_Design_V1_1/IP_File_00/RFDC_Controller/DAC_Controller.sv}
# add_files -norecurse {E:/RFSoC/GIT/RFSoC/RFSoC_Design_V1_1/IP_File_00/RFDC_Controller/GPO_Core.sv}
# add_files -norecurse {E:/RFSoC/GIT/RFSoC/RFSoC_Design_V1_1/IP_File_00/RFDC_Controller/RTO_Core.sv}
# set boardpath {E:/Xilinx/Vivado/2020.2/data/boards/board_files/zcu111/1.4}
# set_param board.repoPaths [list $boardpath]
# set_property BOARD_PART {zcu111} [current_project]
ERROR: [Board 49-71] The board_part definition was not found for zcu111. The project's board_part property was not set, but the project's part property was set to xczu28dr-ffvg1517-2-e. Valid board_part values can be retrieved with the 'get_board_parts' Tcl command. Check if board.repoPaths parameter is set and the board_part is installed from the tcl app store.
INFO: [Common 17-206] Exiting Vivado at Fri Jul 21 13:13:32 2023...
