19:26:28 INFO  : Launching XSCT server: xsct.bat -n  -interactive E:\RFSoC\GIT\RFSoC\RFSoC_Design_V1_1\VITIS_CPP\temp_xsdb_launch_script.tcl
19:26:28 INFO  : Registering command handlers for Vitis TCF services
19:26:31 INFO  : XSCT server has started successfully.
19:26:31 INFO  : plnx-install-location is set to ''
19:26:31 INFO  : Successfully done setting XSCT server connection channel  
19:26:31 INFO  : Successfully done query RDI_DATADIR 
19:26:31 INFO  : Successfully done setting workspace for the tool. 
19:26:31 INFO  : Platform repository initialization has completed.
19:34:05 INFO  : Result from executing command 'getProjects': RFSoC_Firmware_plt
19:34:05 INFO  : Result from executing command 'getPlatforms': 
19:38:27 INFO  : Result from executing command 'reportPlatform': {RFSoC_Firmware_plt={standalone_domain={Os=standalone, DomainName=standalone_domain, CpuType=cortex-a53, CpuInstance=psu_cortexa53_0}}}
19:38:27 INFO  : Result from executing command 'reportPlatform': {RFSoC_Firmware_plt={standalone_domain={Os=standalone, DomainName=standalone_domain, CpuType=cortex-a53, CpuInstance=psu_cortexa53_0}}}
19:38:48 ERROR : (XSDB Server)Channel closed

19:39:19 ERROR : (XSDB Server)invalid command name "E:RFSoCGITVivado_prj_managerVitis_mainRFSoC_Firmware_CPP"

19:42:10 INFO  : Checking for BSP changes to sync application flags for project 'RFSoC_Firmware_app'...
19:42:10 INFO  : Updating application flags with new BSP settings...
19:42:10 INFO  : Successfully updated application flags for project RFSoC_Firmware_app.
19:49:18 INFO  : No changes in MSS file content so sources will not be generated.
19:52:32 INFO  : No changes in MSS file content so sources will not be generated.
19:53:06 INFO  : Checking for BSP changes to sync application flags for project 'ABCD'...
19:54:09 INFO  : Checking for BSP changes to sync application flags for project 'ASDSD'...
19:58:37 INFO  : Checking for BSP changes to sync application flags for project 'ASDSD'...
20:05:15 INFO  : Checking for BSP changes to sync application flags for project 'ASDSD'...
20:05:46 INFO  : Checking for BSP changes to sync application flags for project 'ASDSD'...
20:09:41 INFO  : Launching XSCT server: xsct.bat -n  -interactive E:\RFSoC\GIT\RFSoC\RFSoC_Design_V1_1\VITIS_CPP\temp_xsdb_launch_script.tcl
20:09:44 INFO  : XSCT server has started successfully.
20:09:44 INFO  : plnx-install-location is set to ''
20:09:44 INFO  : Successfully done setting XSCT server connection channel  
20:09:44 INFO  : Successfully done setting workspace for the tool. 
20:09:48 INFO  : Platform repository initialization has completed.
20:09:48 INFO  : Registering command handlers for Vitis TCF services
20:09:48 INFO  : Successfully done query RDI_DATADIR 
20:45:07 INFO  : Launching XSCT server: xsct.bat -n  -interactive E:\RFSoC\GIT\RFSoC\RFSoC_Design_V1_1\VITIS_CPP\temp_xsdb_launch_script.tcl
20:45:12 INFO  : XSCT server has started successfully.
20:45:12 INFO  : plnx-install-location is set to ''
20:45:12 INFO  : Successfully done setting XSCT server connection channel  
20:45:12 INFO  : Successfully done setting workspace for the tool. 
20:45:24 INFO  : Registering command handlers for Vitis TCF services
20:45:24 INFO  : Platform repository initialization has completed.
20:45:30 INFO  : Successfully done query RDI_DATADIR 
20:49:29 INFO  : Launching XSCT server: xsct.bat -n  -interactive E:\RFSoC\GIT\RFSoC\RFSoC_Design_V1_1\VITIS_CPP\temp_xsdb_launch_script.tcl
20:49:34 INFO  : XSCT server has started successfully.
20:49:34 INFO  : Successfully done setting XSCT server connection channel  
20:49:34 INFO  : plnx-install-location is set to ''
20:49:34 INFO  : Successfully done setting workspace for the tool. 
20:49:43 INFO  : Registering command handlers for Vitis TCF services
20:49:44 INFO  : Platform repository initialization has completed.
20:49:55 INFO  : Successfully done query RDI_DATADIR 
21:16:22 INFO  : Launching XSCT server: xsct.bat -n  -interactive E:\RFSoC\GIT\RFSoC\RFSoC_Design_V1_1\VITIS_CPP\temp_xsdb_launch_script.tcl
21:16:27 INFO  : XSCT server has started successfully.
21:16:27 INFO  : plnx-install-location is set to ''
21:16:27 INFO  : Successfully done setting XSCT server connection channel  
21:16:27 INFO  : Successfully done setting workspace for the tool. 
21:16:29 ERROR : Error encountered while initializing user repository paths
Reason: No Platforms Found.


21:16:29 INFO  : Platform repository initialization has completed.
21:16:31 INFO  : Registering command handlers for Vitis TCF services
21:16:31 INFO  : Successfully done query RDI_DATADIR 
21:17:52 INFO  : Result from executing command 'getProjects': RFSoC_Firmware_plt
21:17:52 INFO  : Result from executing command 'getPlatforms': 
21:18:02 INFO  : Build configuration of 'ASDSD' is updated to 'Release'
21:18:02 INFO  : Checking for BSP changes to sync application flags for project 'ASDSD'...
21:18:37 INFO  : Checking for BSP changes to sync application flags for project 'ASDSD'...
21:18:58 INFO  : Checking for BSP changes to sync application flags for project 'ASDSD'...
21:19:26 INFO  : Checking for BSP changes to sync application flags for project 'ASDSD'...
15:51:34 INFO  : Launching XSCT server: xsct.bat -n  -interactive E:\RFSoC\GIT\RFSoC\RFSoC_Design_V1_1\VITIS_CPP\temp_xsdb_launch_script.tcl
15:51:37 INFO  : XSCT server has started successfully.
15:51:37 INFO  : plnx-install-location is set to ''
15:51:37 INFO  : Successfully done setting XSCT server connection channel  
15:51:37 INFO  : Successfully done setting workspace for the tool. 
15:51:41 INFO  : Platform repository initialization has completed.
15:51:42 INFO  : Registering command handlers for Vitis TCF services
15:51:42 INFO  : Successfully done query RDI_DATADIR 
16:25:51 INFO  : Launching XSCT server: xsct.bat -n  -interactive E:\RFSoC\GIT\RFSoC\RFSoC_Design_V1_1\VITIS_CPP\temp_xsdb_launch_script.tcl
16:25:54 INFO  : XSCT server has started successfully.
16:25:54 INFO  : plnx-install-location is set to ''
16:25:54 INFO  : Successfully done setting XSCT server connection channel  
16:25:54 INFO  : Successfully done setting workspace for the tool. 
16:25:58 INFO  : Platform repository initialization has completed.
16:25:59 INFO  : Registering command handlers for Vitis TCF services
16:25:59 INFO  : Successfully done query RDI_DATADIR 
