Copyright 1986-2020 Xilinx, Inc. All Rights Reserved.
--------------------------------------------------------------------------------------------------------------------------------------------------------------------------------------------------------
| Tool Version : Vivado v.2020.2 (win64) Build 3064766 Wed Nov 18 09:12:45 MST 2020
| Date         : Sun Sep  3 19:32:51 2023
| Host         : DESKTOP-MCBJ7EB running 64-bit major release  (build 9200)
| Command      : report_methodology -file RFSoC_Main_blk_wrapper_methodology_drc_routed.rpt -pb RFSoC_Main_blk_wrapper_methodology_drc_routed.pb -rpx RFSoC_Main_blk_wrapper_methodology_drc_routed.rpx
| Design       : RFSoC_Main_blk_wrapper
| Device       : xczu28dr-ffvg1517-2-e
| Speed File   : -2
| Design State : Fully Routed
--------------------------------------------------------------------------------------------------------------------------------------------------------------------------------------------------------

Report Methodology

Table of Contents
-----------------
1. REPORT SUMMARY
2. REPORT DETAILS

1. REPORT SUMMARY
-----------------
            Netlist: netlist
          Floorplan: design_1
      Design limits: <entire design considered>
             Max violations: <unlimited>
             Violations found: 25
+-----------+----------+------------------------------+------------+
| Rule      | Severity | Description                  | Violations |
+-----------+----------+------------------------------+------------+
| LUTAR-1   | Warning  | LUT drives async reset alert | 3          |
| TIMING-16 | Warning  | Large setup violation        | 22         |
+-----------+----------+------------------------------+------------+

2. REPORT DETAILS
-----------------
LUTAR-1#1 Warning
LUT drives async reset alert  
LUT cell RFSoC_Main_blk_i/axi_interconnect_0/m00_couplers/auto_ds/inst/gen_downsizer.gen_simple_downsizer.axi_downsizer_inst/USE_READ.read_addr_inst/cmd_queue/inst/fifo_gen_inst/inst_fifo_gen/gconvfifo.rf/grf.rf/rstblk/gpregsm1.curr_fwft_state[1]_i_2, with 2 or more inputs, drives asynchronous preset/clear pin(s) RFSoC_Main_blk_i/axi_interconnect_0/m00_couplers/auto_ds/inst/gen_downsizer.gen_simple_downsizer.axi_downsizer_inst/USE_READ.read_addr_inst/cmd_queue/inst/fifo_gen_inst/inst_fifo_gen/gconvfifo.rf/grf.rf/gntv_or_sync_fifo.gl0.rd/gr1.gr1_int.rfwft/aempty_fwft_fb_i_reg/PRE,
RFSoC_Main_blk_i/axi_interconnect_0/m00_couplers/auto_ds/inst/gen_downsizer.gen_simple_downsizer.axi_downsizer_inst/USE_READ.read_addr_inst/cmd_queue/inst/fifo_gen_inst/inst_fifo_gen/gconvfifo.rf/grf.rf/gntv_or_sync_fifo.gl0.rd/gr1.gr1_int.rfwft/aempty_fwft_i_reg/PRE,
RFSoC_Main_blk_i/axi_interconnect_0/m00_couplers/auto_ds/inst/gen_downsizer.gen_simple_downsizer.axi_downsizer_inst/USE_READ.read_addr_inst/cmd_queue/inst/fifo_gen_inst/inst_fifo_gen/gconvfifo.rf/grf.rf/gntv_or_sync_fifo.gl0.rd/gr1.gr1_int.rfwft/empty_fwft_fb_i_reg/PRE,
RFSoC_Main_blk_i/axi_interconnect_0/m00_couplers/auto_ds/inst/gen_downsizer.gen_simple_downsizer.axi_downsizer_inst/USE_READ.read_addr_inst/cmd_queue/inst/fifo_gen_inst/inst_fifo_gen/gconvfifo.rf/grf.rf/gntv_or_sync_fifo.gl0.rd/gr1.gr1_int.rfwft/empty_fwft_fb_o_i_reg/PRE,
RFSoC_Main_blk_i/axi_interconnect_0/m00_couplers/auto_ds/inst/gen_downsizer.gen_simple_downsizer.axi_downsizer_inst/USE_READ.read_addr_inst/cmd_queue/inst/fifo_gen_inst/inst_fifo_gen/gconvfifo.rf/grf.rf/gntv_or_sync_fifo.gl0.rd/gr1.gr1_int.rfwft/empty_fwft_i_reg/PRE,
RFSoC_Main_blk_i/axi_interconnect_0/m00_couplers/auto_ds/inst/gen_downsizer.gen_simple_downsizer.axi_downsizer_inst/USE_READ.read_addr_inst/cmd_queue/inst/fifo_gen_inst/inst_fifo_gen/gconvfifo.rf/grf.rf/gntv_or_sync_fifo.gl0.rd/gr1.gr1_int.rfwft/gpregsm1.curr_fwft_state_reg[0]/CLR,
RFSoC_Main_blk_i/axi_interconnect_0/m00_couplers/auto_ds/inst/gen_downsizer.gen_simple_downsizer.axi_downsizer_inst/USE_READ.read_addr_inst/cmd_queue/inst/fifo_gen_inst/inst_fifo_gen/gconvfifo.rf/grf.rf/gntv_or_sync_fifo.gl0.rd/gr1.gr1_int.rfwft/gpregsm1.curr_fwft_state_reg[1]/CLR,
RFSoC_Main_blk_i/axi_interconnect_0/m00_couplers/auto_ds/inst/gen_downsizer.gen_simple_downsizer.axi_downsizer_inst/USE_READ.read_addr_inst/cmd_queue/inst/fifo_gen_inst/inst_fifo_gen/gconvfifo.rf/grf.rf/gntv_or_sync_fifo.gl0.rd/gr1.gr1_int.rfwft/gpregsm1.user_valid_reg/CLR,
RFSoC_Main_blk_i/axi_interconnect_0/m00_couplers/auto_ds/inst/gen_downsizer.gen_simple_downsizer.axi_downsizer_inst/USE_READ.read_addr_inst/cmd_queue/inst/fifo_gen_inst/inst_fifo_gen/gconvfifo.rf/grf.rf/gntv_or_sync_fifo.gl0.rd/grss.rsts/ram_empty_fb_i_reg/PRE,
RFSoC_Main_blk_i/axi_interconnect_0/m00_couplers/auto_ds/inst/gen_downsizer.gen_simple_downsizer.axi_downsizer_inst/USE_READ.read_addr_inst/cmd_queue/inst/fifo_gen_inst/inst_fifo_gen/gconvfifo.rf/grf.rf/gntv_or_sync_fifo.gl0.rd/grss.rsts/ram_empty_i_reg/PRE,
RFSoC_Main_blk_i/axi_interconnect_0/m00_couplers/auto_ds/inst/gen_downsizer.gen_simple_downsizer.axi_downsizer_inst/USE_READ.read_addr_inst/cmd_queue/inst/fifo_gen_inst/inst_fifo_gen/gconvfifo.rf/grf.rf/gntv_or_sync_fifo.gl0.rd/rpntr/gc0.count_d1_reg[0]/CLR,
RFSoC_Main_blk_i/axi_interconnect_0/m00_couplers/auto_ds/inst/gen_downsizer.gen_simple_downsizer.axi_downsizer_inst/USE_READ.read_addr_inst/cmd_queue/inst/fifo_gen_inst/inst_fifo_gen/gconvfifo.rf/grf.rf/gntv_or_sync_fifo.gl0.rd/rpntr/gc0.count_d1_reg[1]/CLR,
RFSoC_Main_blk_i/axi_interconnect_0/m00_couplers/auto_ds/inst/gen_downsizer.gen_simple_downsizer.axi_downsizer_inst/USE_READ.read_addr_inst/cmd_queue/inst/fifo_gen_inst/inst_fifo_gen/gconvfifo.rf/grf.rf/gntv_or_sync_fifo.gl0.rd/rpntr/gc0.count_d1_reg[2]/CLR,
RFSoC_Main_blk_i/axi_interconnect_0/m00_couplers/auto_ds/inst/gen_downsizer.gen_simple_downsizer.axi_downsizer_inst/USE_READ.read_addr_inst/cmd_queue/inst/fifo_gen_inst/inst_fifo_gen/gconvfifo.rf/grf.rf/gntv_or_sync_fifo.gl0.rd/rpntr/gc0.count_d1_reg[3]/CLR,
RFSoC_Main_blk_i/axi_interconnect_0/m00_couplers/auto_ds/inst/gen_downsizer.gen_simple_downsizer.axi_downsizer_inst/USE_READ.read_addr_inst/cmd_queue/inst/fifo_gen_inst/inst_fifo_gen/gconvfifo.rf/grf.rf/gntv_or_sync_fifo.gl0.rd/rpntr/gc0.count_d1_reg[4]/CLR
 (the first 15 of 32 listed). The LUT may glitch and trigger an unexpected reset, even if it is a properly timed path.
Related violations: <none>

LUTAR-1#2 Warning
LUT drives async reset alert  
LUT cell RFSoC_Main_blk_i/axi_interconnect_0/m00_couplers/auto_ds/inst/gen_downsizer.gen_simple_downsizer.axi_downsizer_inst/USE_WRITE.write_addr_inst/USE_B_CHANNEL.cmd_b_queue/inst/fifo_gen_inst/inst_fifo_gen/gconvfifo.rf/grf.rf/rstblk/gpregsm1.curr_fwft_state[1]_i_2, with 2 or more inputs, drives asynchronous preset/clear pin(s) RFSoC_Main_blk_i/axi_interconnect_0/m00_couplers/auto_ds/inst/gen_downsizer.gen_simple_downsizer.axi_downsizer_inst/USE_WRITE.write_addr_inst/USE_B_CHANNEL.cmd_b_queue/inst/fifo_gen_inst/inst_fifo_gen/gconvfifo.rf/grf.rf/gntv_or_sync_fifo.gl0.rd/gr1.gr1_int.rfwft/aempty_fwft_fb_i_reg/PRE,
RFSoC_Main_blk_i/axi_interconnect_0/m00_couplers/auto_ds/inst/gen_downsizer.gen_simple_downsizer.axi_downsizer_inst/USE_WRITE.write_addr_inst/USE_B_CHANNEL.cmd_b_queue/inst/fifo_gen_inst/inst_fifo_gen/gconvfifo.rf/grf.rf/gntv_or_sync_fifo.gl0.rd/gr1.gr1_int.rfwft/aempty_fwft_i_reg/PRE,
RFSoC_Main_blk_i/axi_interconnect_0/m00_couplers/auto_ds/inst/gen_downsizer.gen_simple_downsizer.axi_downsizer_inst/USE_WRITE.write_addr_inst/USE_B_CHANNEL.cmd_b_queue/inst/fifo_gen_inst/inst_fifo_gen/gconvfifo.rf/grf.rf/gntv_or_sync_fifo.gl0.rd/gr1.gr1_int.rfwft/empty_fwft_fb_i_reg/PRE,
RFSoC_Main_blk_i/axi_interconnect_0/m00_couplers/auto_ds/inst/gen_downsizer.gen_simple_downsizer.axi_downsizer_inst/USE_WRITE.write_addr_inst/USE_B_CHANNEL.cmd_b_queue/inst/fifo_gen_inst/inst_fifo_gen/gconvfifo.rf/grf.rf/gntv_or_sync_fifo.gl0.rd/gr1.gr1_int.rfwft/empty_fwft_fb_o_i_reg/PRE,
RFSoC_Main_blk_i/axi_interconnect_0/m00_couplers/auto_ds/inst/gen_downsizer.gen_simple_downsizer.axi_downsizer_inst/USE_WRITE.write_addr_inst/USE_B_CHANNEL.cmd_b_queue/inst/fifo_gen_inst/inst_fifo_gen/gconvfifo.rf/grf.rf/gntv_or_sync_fifo.gl0.rd/gr1.gr1_int.rfwft/empty_fwft_i_reg/PRE,
RFSoC_Main_blk_i/axi_interconnect_0/m00_couplers/auto_ds/inst/gen_downsizer.gen_simple_downsizer.axi_downsizer_inst/USE_WRITE.write_addr_inst/USE_B_CHANNEL.cmd_b_queue/inst/fifo_gen_inst/inst_fifo_gen/gconvfifo.rf/grf.rf/gntv_or_sync_fifo.gl0.rd/gr1.gr1_int.rfwft/gpregsm1.curr_fwft_state_reg[0]/CLR,
RFSoC_Main_blk_i/axi_interconnect_0/m00_couplers/auto_ds/inst/gen_downsizer.gen_simple_downsizer.axi_downsizer_inst/USE_WRITE.write_addr_inst/USE_B_CHANNEL.cmd_b_queue/inst/fifo_gen_inst/inst_fifo_gen/gconvfifo.rf/grf.rf/gntv_or_sync_fifo.gl0.rd/gr1.gr1_int.rfwft/gpregsm1.curr_fwft_state_reg[1]/CLR,
RFSoC_Main_blk_i/axi_interconnect_0/m00_couplers/auto_ds/inst/gen_downsizer.gen_simple_downsizer.axi_downsizer_inst/USE_WRITE.write_addr_inst/USE_B_CHANNEL.cmd_b_queue/inst/fifo_gen_inst/inst_fifo_gen/gconvfifo.rf/grf.rf/gntv_or_sync_fifo.gl0.rd/gr1.gr1_int.rfwft/gpregsm1.user_valid_reg/CLR,
RFSoC_Main_blk_i/axi_interconnect_0/m00_couplers/auto_ds/inst/gen_downsizer.gen_simple_downsizer.axi_downsizer_inst/USE_WRITE.write_addr_inst/USE_B_CHANNEL.cmd_b_queue/inst/fifo_gen_inst/inst_fifo_gen/gconvfifo.rf/grf.rf/gntv_or_sync_fifo.gl0.rd/grss.rsts/ram_empty_fb_i_reg/PRE,
RFSoC_Main_blk_i/axi_interconnect_0/m00_couplers/auto_ds/inst/gen_downsizer.gen_simple_downsizer.axi_downsizer_inst/USE_WRITE.write_addr_inst/USE_B_CHANNEL.cmd_b_queue/inst/fifo_gen_inst/inst_fifo_gen/gconvfifo.rf/grf.rf/gntv_or_sync_fifo.gl0.rd/grss.rsts/ram_empty_i_reg/PRE,
RFSoC_Main_blk_i/axi_interconnect_0/m00_couplers/auto_ds/inst/gen_downsizer.gen_simple_downsizer.axi_downsizer_inst/USE_WRITE.write_addr_inst/USE_B_CHANNEL.cmd_b_queue/inst/fifo_gen_inst/inst_fifo_gen/gconvfifo.rf/grf.rf/gntv_or_sync_fifo.gl0.rd/rpntr/gc0.count_d1_reg[0]/CLR,
RFSoC_Main_blk_i/axi_interconnect_0/m00_couplers/auto_ds/inst/gen_downsizer.gen_simple_downsizer.axi_downsizer_inst/USE_WRITE.write_addr_inst/USE_B_CHANNEL.cmd_b_queue/inst/fifo_gen_inst/inst_fifo_gen/gconvfifo.rf/grf.rf/gntv_or_sync_fifo.gl0.rd/rpntr/gc0.count_d1_reg[1]/CLR,
RFSoC_Main_blk_i/axi_interconnect_0/m00_couplers/auto_ds/inst/gen_downsizer.gen_simple_downsizer.axi_downsizer_inst/USE_WRITE.write_addr_inst/USE_B_CHANNEL.cmd_b_queue/inst/fifo_gen_inst/inst_fifo_gen/gconvfifo.rf/grf.rf/gntv_or_sync_fifo.gl0.rd/rpntr/gc0.count_d1_reg[2]/CLR,
RFSoC_Main_blk_i/axi_interconnect_0/m00_couplers/auto_ds/inst/gen_downsizer.gen_simple_downsizer.axi_downsizer_inst/USE_WRITE.write_addr_inst/USE_B_CHANNEL.cmd_b_queue/inst/fifo_gen_inst/inst_fifo_gen/gconvfifo.rf/grf.rf/gntv_or_sync_fifo.gl0.rd/rpntr/gc0.count_d1_reg[3]/CLR,
RFSoC_Main_blk_i/axi_interconnect_0/m00_couplers/auto_ds/inst/gen_downsizer.gen_simple_downsizer.axi_downsizer_inst/USE_WRITE.write_addr_inst/USE_B_CHANNEL.cmd_b_queue/inst/fifo_gen_inst/inst_fifo_gen/gconvfifo.rf/grf.rf/gntv_or_sync_fifo.gl0.rd/rpntr/gc0.count_d1_reg[4]/CLR
 (the first 15 of 32 listed). The LUT may glitch and trigger an unexpected reset, even if it is a properly timed path.
Related violations: <none>

LUTAR-1#3 Warning
LUT drives async reset alert  
LUT cell RFSoC_Main_blk_i/axi_interconnect_0/m00_couplers/auto_ds/inst/gen_downsizer.gen_simple_downsizer.axi_downsizer_inst/USE_WRITE.write_addr_inst/cmd_queue/inst/fifo_gen_inst/inst_fifo_gen/gconvfifo.rf/grf.rf/rstblk/gpregsm1.curr_fwft_state[1]_i_2, with 2 or more inputs, drives asynchronous preset/clear pin(s) RFSoC_Main_blk_i/axi_interconnect_0/m00_couplers/auto_ds/inst/gen_downsizer.gen_simple_downsizer.axi_downsizer_inst/USE_WRITE.write_addr_inst/cmd_queue/inst/fifo_gen_inst/inst_fifo_gen/gconvfifo.rf/grf.rf/gntv_or_sync_fifo.gl0.rd/gr1.gr1_int.rfwft/aempty_fwft_fb_i_reg/PRE,
RFSoC_Main_blk_i/axi_interconnect_0/m00_couplers/auto_ds/inst/gen_downsizer.gen_simple_downsizer.axi_downsizer_inst/USE_WRITE.write_addr_inst/cmd_queue/inst/fifo_gen_inst/inst_fifo_gen/gconvfifo.rf/grf.rf/gntv_or_sync_fifo.gl0.rd/gr1.gr1_int.rfwft/aempty_fwft_i_reg/PRE,
RFSoC_Main_blk_i/axi_interconnect_0/m00_couplers/auto_ds/inst/gen_downsizer.gen_simple_downsizer.axi_downsizer_inst/USE_WRITE.write_addr_inst/cmd_queue/inst/fifo_gen_inst/inst_fifo_gen/gconvfifo.rf/grf.rf/gntv_or_sync_fifo.gl0.rd/gr1.gr1_int.rfwft/empty_fwft_fb_i_reg/PRE,
RFSoC_Main_blk_i/axi_interconnect_0/m00_couplers/auto_ds/inst/gen_downsizer.gen_simple_downsizer.axi_downsizer_inst/USE_WRITE.write_addr_inst/cmd_queue/inst/fifo_gen_inst/inst_fifo_gen/gconvfifo.rf/grf.rf/gntv_or_sync_fifo.gl0.rd/gr1.gr1_int.rfwft/empty_fwft_fb_o_i_reg/PRE,
RFSoC_Main_blk_i/axi_interconnect_0/m00_couplers/auto_ds/inst/gen_downsizer.gen_simple_downsizer.axi_downsizer_inst/USE_WRITE.write_addr_inst/cmd_queue/inst/fifo_gen_inst/inst_fifo_gen/gconvfifo.rf/grf.rf/gntv_or_sync_fifo.gl0.rd/gr1.gr1_int.rfwft/empty_fwft_i_reg/PRE,
RFSoC_Main_blk_i/axi_interconnect_0/m00_couplers/auto_ds/inst/gen_downsizer.gen_simple_downsizer.axi_downsizer_inst/USE_WRITE.write_addr_inst/cmd_queue/inst/fifo_gen_inst/inst_fifo_gen/gconvfifo.rf/grf.rf/gntv_or_sync_fifo.gl0.rd/gr1.gr1_int.rfwft/gpregsm1.curr_fwft_state_reg[0]/CLR,
RFSoC_Main_blk_i/axi_interconnect_0/m00_couplers/auto_ds/inst/gen_downsizer.gen_simple_downsizer.axi_downsizer_inst/USE_WRITE.write_addr_inst/cmd_queue/inst/fifo_gen_inst/inst_fifo_gen/gconvfifo.rf/grf.rf/gntv_or_sync_fifo.gl0.rd/gr1.gr1_int.rfwft/gpregsm1.curr_fwft_state_reg[1]/CLR,
RFSoC_Main_blk_i/axi_interconnect_0/m00_couplers/auto_ds/inst/gen_downsizer.gen_simple_downsizer.axi_downsizer_inst/USE_WRITE.write_addr_inst/cmd_queue/inst/fifo_gen_inst/inst_fifo_gen/gconvfifo.rf/grf.rf/gntv_or_sync_fifo.gl0.rd/gr1.gr1_int.rfwft/gpregsm1.user_valid_reg/CLR,
RFSoC_Main_blk_i/axi_interconnect_0/m00_couplers/auto_ds/inst/gen_downsizer.gen_simple_downsizer.axi_downsizer_inst/USE_WRITE.write_addr_inst/cmd_queue/inst/fifo_gen_inst/inst_fifo_gen/gconvfifo.rf/grf.rf/gntv_or_sync_fifo.gl0.rd/grss.rsts/ram_empty_fb_i_reg/PRE,
RFSoC_Main_blk_i/axi_interconnect_0/m00_couplers/auto_ds/inst/gen_downsizer.gen_simple_downsizer.axi_downsizer_inst/USE_WRITE.write_addr_inst/cmd_queue/inst/fifo_gen_inst/inst_fifo_gen/gconvfifo.rf/grf.rf/gntv_or_sync_fifo.gl0.rd/grss.rsts/ram_empty_i_reg/PRE,
RFSoC_Main_blk_i/axi_interconnect_0/m00_couplers/auto_ds/inst/gen_downsizer.gen_simple_downsizer.axi_downsizer_inst/USE_WRITE.write_addr_inst/cmd_queue/inst/fifo_gen_inst/inst_fifo_gen/gconvfifo.rf/grf.rf/gntv_or_sync_fifo.gl0.rd/rpntr/gc0.count_d1_reg[0]/CLR,
RFSoC_Main_blk_i/axi_interconnect_0/m00_couplers/auto_ds/inst/gen_downsizer.gen_simple_downsizer.axi_downsizer_inst/USE_WRITE.write_addr_inst/cmd_queue/inst/fifo_gen_inst/inst_fifo_gen/gconvfifo.rf/grf.rf/gntv_or_sync_fifo.gl0.rd/rpntr/gc0.count_d1_reg[1]/CLR,
RFSoC_Main_blk_i/axi_interconnect_0/m00_couplers/auto_ds/inst/gen_downsizer.gen_simple_downsizer.axi_downsizer_inst/USE_WRITE.write_addr_inst/cmd_queue/inst/fifo_gen_inst/inst_fifo_gen/gconvfifo.rf/grf.rf/gntv_or_sync_fifo.gl0.rd/rpntr/gc0.count_d1_reg[2]/CLR,
RFSoC_Main_blk_i/axi_interconnect_0/m00_couplers/auto_ds/inst/gen_downsizer.gen_simple_downsizer.axi_downsizer_inst/USE_WRITE.write_addr_inst/cmd_queue/inst/fifo_gen_inst/inst_fifo_gen/gconvfifo.rf/grf.rf/gntv_or_sync_fifo.gl0.rd/rpntr/gc0.count_d1_reg[3]/CLR,
RFSoC_Main_blk_i/axi_interconnect_0/m00_couplers/auto_ds/inst/gen_downsizer.gen_simple_downsizer.axi_downsizer_inst/USE_WRITE.write_addr_inst/cmd_queue/inst/fifo_gen_inst/inst_fifo_gen/gconvfifo.rf/grf.rf/gntv_or_sync_fifo.gl0.rd/rpntr/gc0.count_d1_reg[4]/CLR
 (the first 15 of 32 listed). The LUT may glitch and trigger an unexpected reset, even if it is a properly timed path.
Related violations: <none>

TIMING-16#1 Warning
Large setup violation  
There is a large setup violation of -1.001 ns between RFSoC_Main_blk_i/TimeControllerBuffer_2/inst/counter0_O_reg[3]_replica_2/C (clocked by clk_pl_0) and RFSoC_Main_blk_i/DAC_Controller_5/inst/rfdc_dds/dds_11/U0/i_synth/i_dds/I_SINCOS.i_std_rom.i_rom/i_rtl.i_quarter_table.i_block_rom.i_pipe_1.pre_asyn_sin_RAM_op_reg_1/ADDRARDADDR[7] (clocked by clk_pl_0). Large setup violations at the end of those stages might be difficult to fix during the post-placement implementation flow and could be the result of non-optimal XDC constraints or non-optimal design architecture
Related violations: <none>

TIMING-16#2 Warning
Large setup violation  
There is a large setup violation of -1.020 ns between RFSoC_Main_blk_i/TimeControllerBuffer_2/inst/counter0_O_reg[3]_replica_2/C (clocked by clk_pl_0) and RFSoC_Main_blk_i/DAC_Controller_5/inst/rfdc_dds/dds_15/U0/i_synth/i_dds/I_SINCOS.i_std_rom.i_rom/i_rtl.i_quarter_table.i_block_rom.i_pipe_1.pre_asyn_sin_RAM_op_reg_1/ADDRARDADDR[14] (clocked by clk_pl_0). Large setup violations at the end of those stages might be difficult to fix during the post-placement implementation flow and could be the result of non-optimal XDC constraints or non-optimal design architecture
Related violations: <none>

TIMING-16#3 Warning
Large setup violation  
There is a large setup violation of -1.023 ns between RFSoC_Main_blk_i/TimeControllerBuffer_2/inst/counter0_O_reg[3]_replica_2/C (clocked by clk_pl_0) and RFSoC_Main_blk_i/DAC_Controller_5/inst/rfdc_dds/dds_11/U0/i_synth/i_dds/I_SINCOS.i_std_rom.i_rom/i_rtl.i_quarter_table.i_block_rom.i_pipe_1.pre_asyn_sin_RAM_op_reg_0/ADDRARDADDR[14] (clocked by clk_pl_0). Large setup violations at the end of those stages might be difficult to fix during the post-placement implementation flow and could be the result of non-optimal XDC constraints or non-optimal design architecture
Related violations: <none>

TIMING-16#4 Warning
Large setup violation  
There is a large setup violation of -1.033 ns between RFSoC_Main_blk_i/TimeControllerBuffer_2/inst/counter0_O_reg[3]_replica_2/C (clocked by clk_pl_0) and RFSoC_Main_blk_i/DAC_Controller_5/inst/rfdc_dds/dds_11/U0/i_synth/i_dds/I_SINCOS.i_std_rom.i_rom/i_rtl.i_quarter_table.i_block_rom.i_pipe_1.pre_asyn_sin_RAM_op_reg_0/ADDRARDADDR[12] (clocked by clk_pl_0). Large setup violations at the end of those stages might be difficult to fix during the post-placement implementation flow and could be the result of non-optimal XDC constraints or non-optimal design architecture
Related violations: <none>

TIMING-16#5 Warning
Large setup violation  
There is a large setup violation of -1.040 ns between RFSoC_Main_blk_i/TimeControllerBuffer_2/inst/counter0_O_reg[3]_replica_2/C (clocked by clk_pl_0) and RFSoC_Main_blk_i/DAC_Controller_5/inst/rfdc_dds/dds_11/U0/i_synth/i_dds/I_SINCOS.i_std_rom.i_rom/i_rtl.i_quarter_table.i_block_rom.i_pipe_1.pre_asyn_sin_RAM_op_reg_0/ADDRARDADDR[11] (clocked by clk_pl_0). Large setup violations at the end of those stages might be difficult to fix during the post-placement implementation flow and could be the result of non-optimal XDC constraints or non-optimal design architecture
Related violations: <none>

TIMING-16#6 Warning
Large setup violation  
There is a large setup violation of -1.040 ns between RFSoC_Main_blk_i/TimeControllerBuffer_2/inst/counter0_O_reg[3]_replica_2/C (clocked by clk_pl_0) and RFSoC_Main_blk_i/DAC_Controller_5/inst/rfdc_dds/dds_11/U0/i_synth/i_dds/I_SINCOS.i_std_rom.i_rom/i_rtl.i_quarter_table.i_block_rom.i_pipe_1.pre_asyn_sin_RAM_op_reg_0/ADDRARDADDR[5] (clocked by clk_pl_0). Large setup violations at the end of those stages might be difficult to fix during the post-placement implementation flow and could be the result of non-optimal XDC constraints or non-optimal design architecture
Related violations: <none>

TIMING-16#7 Warning
Large setup violation  
There is a large setup violation of -1.048 ns between RFSoC_Main_blk_i/TimeControllerBuffer_2/inst/counter0_O_reg[3]_replica_2/C (clocked by clk_pl_0) and RFSoC_Main_blk_i/DAC_Controller_5/inst/rfdc_dds/dds_11/U0/i_synth/i_dds/I_SINCOS.i_std_rom.i_rom/i_rtl.i_quarter_table.i_block_rom.i_pipe_1.pre_asyn_sin_RAM_op_reg_0/ADDRARDADDR[10] (clocked by clk_pl_0). Large setup violations at the end of those stages might be difficult to fix during the post-placement implementation flow and could be the result of non-optimal XDC constraints or non-optimal design architecture
Related violations: <none>

TIMING-16#8 Warning
Large setup violation  
There is a large setup violation of -1.060 ns between RFSoC_Main_blk_i/TimeControllerBuffer_2/inst/counter0_O_reg[3]_replica_2/C (clocked by clk_pl_0) and RFSoC_Main_blk_i/DAC_Controller_5/inst/rfdc_dds/dds_11/U0/i_synth/i_dds/I_SINCOS.i_std_rom.i_rom/i_rtl.i_quarter_table.i_block_rom.i_pipe_1.pre_asyn_sin_RAM_op_reg_1/ADDRARDADDR[5] (clocked by clk_pl_0). Large setup violations at the end of those stages might be difficult to fix during the post-placement implementation flow and could be the result of non-optimal XDC constraints or non-optimal design architecture
Related violations: <none>

TIMING-16#9 Warning
Large setup violation  
There is a large setup violation of -1.069 ns between RFSoC_Main_blk_i/TimeControllerBuffer_2/inst/counter0_O_reg[3]_replica_2/C (clocked by clk_pl_0) and RFSoC_Main_blk_i/DAC_Controller_5/inst/rfdc_dds/dds_11/U0/i_synth/i_dds/I_SINCOS.i_std_rom.i_rom/i_rtl.i_quarter_table.i_block_rom.i_pipe_1.pre_asyn_sin_RAM_op_reg_1/ADDRARDADDR[11] (clocked by clk_pl_0). Large setup violations at the end of those stages might be difficult to fix during the post-placement implementation flow and could be the result of non-optimal XDC constraints or non-optimal design architecture
Related violations: <none>

TIMING-16#10 Warning
Large setup violation  
There is a large setup violation of -1.073 ns between RFSoC_Main_blk_i/TimeControllerBuffer_2/inst/counter0_O_reg[3]_replica_2/C (clocked by clk_pl_0) and RFSoC_Main_blk_i/DAC_Controller_5/inst/rfdc_dds/dds_11/U0/i_synth/i_dds/I_SINCOS.i_std_rom.i_rom/i_rtl.i_quarter_table.i_block_rom.i_pipe_1.pre_asyn_sin_RAM_op_reg_1/ADDRARDADDR[12] (clocked by clk_pl_0). Large setup violations at the end of those stages might be difficult to fix during the post-placement implementation flow and could be the result of non-optimal XDC constraints or non-optimal design architecture
Related violations: <none>

TIMING-16#11 Warning
Large setup violation  
There is a large setup violation of -1.079 ns between RFSoC_Main_blk_i/TimeControllerBuffer_2/inst/counter0_O_reg[3]_replica_2/C (clocked by clk_pl_0) and RFSoC_Main_blk_i/DAC_Controller_5/inst/rfdc_dds/dds_11/U0/i_synth/i_dds/I_SINCOS.i_std_rom.i_rom/i_rtl.i_quarter_table.i_block_rom.i_pipe_1.pre_asyn_sin_RAM_op_reg_1/ADDRARDADDR[10] (clocked by clk_pl_0). Large setup violations at the end of those stages might be difficult to fix during the post-placement implementation flow and could be the result of non-optimal XDC constraints or non-optimal design architecture
Related violations: <none>

TIMING-16#12 Warning
Large setup violation  
There is a large setup violation of -1.081 ns between RFSoC_Main_blk_i/TimeControllerBuffer_2/inst/counter0_O_reg[3]_replica_2/C (clocked by clk_pl_0) and RFSoC_Main_blk_i/DAC_Controller_5/inst/rfdc_dds/dds_11/U0/i_synth/i_dds/I_SINCOS.i_std_rom.i_rom/i_rtl.i_quarter_table.i_block_rom.i_pipe_1.pre_asyn_sin_RAM_op_reg_0/ADDRARDADDR[4] (clocked by clk_pl_0). Large setup violations at the end of those stages might be difficult to fix during the post-placement implementation flow and could be the result of non-optimal XDC constraints or non-optimal design architecture
Related violations: <none>

TIMING-16#13 Warning
Large setup violation  
There is a large setup violation of -1.081 ns between RFSoC_Main_blk_i/TimeControllerBuffer_2/inst/counter0_O_reg[3]_replica_2/C (clocked by clk_pl_0) and RFSoC_Main_blk_i/DAC_Controller_5/inst/rfdc_dds/dds_11/U0/i_synth/i_dds/I_SINCOS.i_std_rom.i_rom/i_rtl.i_quarter_table.i_block_rom.i_pipe_1.pre_asyn_sin_RAM_op_reg_1/ADDRARDADDR[8] (clocked by clk_pl_0). Large setup violations at the end of those stages might be difficult to fix during the post-placement implementation flow and could be the result of non-optimal XDC constraints or non-optimal design architecture
Related violations: <none>

TIMING-16#14 Warning
Large setup violation  
There is a large setup violation of -1.087 ns between RFSoC_Main_blk_i/TimeControllerBuffer_2/inst/counter0_O_reg[3]_replica_2/C (clocked by clk_pl_0) and RFSoC_Main_blk_i/DAC_Controller_5/inst/rfdc_dds/dds_11/U0/i_synth/i_dds/I_SINCOS.i_std_rom.i_rom/i_rtl.i_quarter_table.i_phase_or.i_phase_in_zero_del/opt_has_pipe.first_q_reg[0]/D (clocked by clk_pl_0). Large setup violations at the end of those stages might be difficult to fix during the post-placement implementation flow and could be the result of non-optimal XDC constraints or non-optimal design architecture
Related violations: <none>

TIMING-16#15 Warning
Large setup violation  
There is a large setup violation of -1.091 ns between RFSoC_Main_blk_i/TimeControllerBuffer_2/inst/counter0_O_reg[3]_replica_2/C (clocked by clk_pl_0) and RFSoC_Main_blk_i/DAC_Controller_5/inst/rfdc_dds/dds_11/U0/i_synth/i_dds/I_SINCOS.i_std_rom.i_rom/i_rtl.i_quarter_table.i_block_rom.i_pipe_1.pre_asyn_sin_RAM_op_reg_0/ADDRARDADDR[9] (clocked by clk_pl_0). Large setup violations at the end of those stages might be difficult to fix during the post-placement implementation flow and could be the result of non-optimal XDC constraints or non-optimal design architecture
Related violations: <none>

TIMING-16#16 Warning
Large setup violation  
There is a large setup violation of -1.101 ns between RFSoC_Main_blk_i/TimeControllerBuffer_2/inst/counter0_O_reg[3]_replica_2/C (clocked by clk_pl_0) and RFSoC_Main_blk_i/DAC_Controller_5/inst/rfdc_dds/dds_11/U0/i_synth/i_dds/I_SINCOS.i_std_rom.i_rom/i_rtl.i_quarter_table.i_block_rom.i_pipe_1.pre_asyn_sin_RAM_op_reg_1/ADDRARDADDR[4] (clocked by clk_pl_0). Large setup violations at the end of those stages might be difficult to fix during the post-placement implementation flow and could be the result of non-optimal XDC constraints or non-optimal design architecture
Related violations: <none>

TIMING-16#17 Warning
Large setup violation  
There is a large setup violation of -1.109 ns between RFSoC_Main_blk_i/TimeControllerBuffer_2/inst/counter0_O_reg[3]_replica_2/C (clocked by clk_pl_0) and RFSoC_Main_blk_i/DAC_Controller_5/inst/rfdc_dds/dds_11/U0/i_synth/i_dds/I_SINCOS.i_std_rom.i_rom/i_rtl.i_quarter_table.i_block_rom.i_pipe_1.pre_asyn_sin_RAM_op_reg_0/ADDRARDADDR[8] (clocked by clk_pl_0). Large setup violations at the end of those stages might be difficult to fix during the post-placement implementation flow and could be the result of non-optimal XDC constraints or non-optimal design architecture
Related violations: <none>

TIMING-16#18 Warning
Large setup violation  
There is a large setup violation of -1.112 ns between RFSoC_Main_blk_i/TimeControllerBuffer_2/inst/counter0_O_reg[3]_replica_2/C (clocked by clk_pl_0) and RFSoC_Main_blk_i/DAC_Controller_5/inst/rfdc_dds/dds_11/U0/i_synth/i_dds/I_SINCOS.i_std_rom.i_rom/i_rtl.i_quarter_table.i_block_rom.i_pipe_1.pre_asyn_sin_RAM_op_reg_1/ADDRARDADDR[14] (clocked by clk_pl_0). Large setup violations at the end of those stages might be difficult to fix during the post-placement implementation flow and could be the result of non-optimal XDC constraints or non-optimal design architecture
Related violations: <none>

TIMING-16#19 Warning
Large setup violation  
There is a large setup violation of -1.119 ns between RFSoC_Main_blk_i/TimeControllerBuffer_2/inst/counter0_O_reg[3]_replica_2/C (clocked by clk_pl_0) and RFSoC_Main_blk_i/DAC_Controller_5/inst/rfdc_dds/dds_11/U0/i_synth/i_dds/I_SINCOS.i_std_rom.i_rom/i_rtl.i_quarter_table.i_block_rom.i_pipe_1.pre_asyn_sin_RAM_op_reg_1/ADDRARDADDR[9] (clocked by clk_pl_0). Large setup violations at the end of those stages might be difficult to fix during the post-placement implementation flow and could be the result of non-optimal XDC constraints or non-optimal design architecture
Related violations: <none>

TIMING-16#20 Warning
Large setup violation  
There is a large setup violation of -1.127 ns between RFSoC_Main_blk_i/TimeControllerBuffer_2/inst/counter0_O_reg[3]_replica_2/C (clocked by clk_pl_0) and RFSoC_Main_blk_i/DAC_Controller_5/inst/rfdc_dds/dds_15/U0/i_synth/i_dds/I_SINCOS.i_std_rom.i_rom/i_rtl.i_quarter_table.i_block_rom.i_pipe_1.pre_asyn_sin_RAM_op_reg_0/ADDRARDADDR[14] (clocked by clk_pl_0). Large setup violations at the end of those stages might be difficult to fix during the post-placement implementation flow and could be the result of non-optimal XDC constraints or non-optimal design architecture
Related violations: <none>

TIMING-16#21 Warning
Large setup violation  
There is a large setup violation of -1.131 ns between RFSoC_Main_blk_i/TimeControllerBuffer_2/inst/counter0_O_reg[3]_replica_2/C (clocked by clk_pl_0) and RFSoC_Main_blk_i/DAC_Controller_5/inst/rfdc_dds/dds_11/U0/i_synth/i_dds/I_SINCOS.i_std_rom.i_rom/i_rtl.i_quarter_table.i_block_rom.i_pipe_1.pre_asyn_sin_RAM_op_reg_1/ADDRARDADDR[13] (clocked by clk_pl_0). Large setup violations at the end of those stages might be difficult to fix during the post-placement implementation flow and could be the result of non-optimal XDC constraints or non-optimal design architecture
Related violations: <none>

TIMING-16#22 Warning
Large setup violation  
There is a large setup violation of -1.136 ns between RFSoC_Main_blk_i/TimeControllerBuffer_2/inst/counter0_O_reg[3]_replica_2/C (clocked by clk_pl_0) and RFSoC_Main_blk_i/DAC_Controller_5/inst/rfdc_dds/dds_11/U0/i_synth/i_dds/I_SINCOS.i_std_rom.i_rom/i_rtl.i_quarter_table.i_block_rom.i_pipe_1.pre_asyn_sin_RAM_op_reg_0/ADDRARDADDR[13] (clocked by clk_pl_0). Large setup violations at the end of those stages might be difficult to fix during the post-placement implementation flow and could be the result of non-optimal XDC constraints or non-optimal design architecture
Related violations: <none>


