18:44:34 INFO  : Registering command handlers for Vitis TCF services
18:44:37 INFO  : Platform repository initialization has completed.
18:44:40 INFO  : Result from executing command 'getProjects': RFSoC_Firmware_plt
18:44:40 INFO  : Result from executing command 'getPlatforms': 
18:44:41 INFO  : Result from executing command 'getProjects': RFSoC_Firmware_plt
18:44:41 INFO  : Result from executing command 'getPlatforms': RFSoC_Firmware_plt|E:/RFSoC/GIT/RFSoC/RFSoC_Design_V1_1/VITIS/RFSoC_Firmware_plt/export/RFSoC_Firmware_plt/RFSoC_Firmware_plt.xpfm
18:46:31 INFO  : Result from executing command 'getProjects': RFSoC_Firmware_plt
18:46:31 INFO  : Result from executing command 'getPlatforms': RFSoC_Firmware_plt|E:/RFSoC/GIT/RFSoC/RFSoC_Design_V1_1/VITIS/RFSoC_Firmware_plt/export/RFSoC_Firmware_plt/RFSoC_Firmware_plt.xpfm
18:46:32 INFO  : Result from executing command 'getProjects': RFSoC_Firmware_plt
18:46:32 INFO  : Result from executing command 'getPlatforms': RFSoC_Firmware_plt|E:/RFSoC/GIT/RFSoC/RFSoC_Design_V1_1/VITIS/RFSoC_Firmware_plt/export/RFSoC_Firmware_plt/RFSoC_Firmware_plt.xpfm
18:46:32 INFO  : Result from executing command 'reportPlatform': {RFSoC_Firmware_plt={standalone_domain={Os=standalone, DomainName=standalone_domain, CpuType=cortex-a53, CpuInstance=psu_cortexa53_0}}}
18:46:32 INFO  : Result from executing command 'reportPlatform': {RFSoC_Firmware_plt={standalone_domain={Os=standalone, DomainName=standalone_domain, CpuType=cortex-a53, CpuInstance=psu_cortexa53_0}}}
18:46:43 INFO  : plnx-install-location is set to ''
18:46:43 INFO  : Successfully done query RDI_DATADIR 
18:46:46 ERROR : xsct server communication channel has closed unexpectedly.
java.net.SocketException: Connection reset
	at java.base/java.net.SocketInputStream.read(SocketInputStream.java:186)
	at java.base/java.net.SocketInputStream.read(SocketInputStream.java:140)
	at java.base/java.io.BufferedInputStream.read1(BufferedInputStream.java:290)
	at java.base/java.io.BufferedInputStream.read(BufferedInputStream.java:351)
	at java.base/java.io.FilterInputStream.read(FilterInputStream.java:107)
	at org.eclipse.tcf.core.ChannelTCP.get(ChannelTCP.java:186)
	at org.eclipse.tcf.core.StreamChannel.read(StreamChannel.java:85)
	at org.eclipse.tcf.core.AbstractChannel$1.run(AbstractChannel.java:329)
18:49:14 INFO  : Launching XSCT server: xsct.bat -n  -interactive E:\RFSoC\GIT\RFSoC\RFSoC_Design_V1_1\VITIS\temp_xsdb_launch_script.tcl
18:49:17 INFO  : XSCT server has started successfully.
18:49:17 INFO  : Successfully done setting XSCT server connection channel  
18:49:17 INFO  : plnx-install-location is set to ''
18:49:17 INFO  : Successfully done setting workspace for the tool. 
18:49:20 INFO  : Platform repository initialization has completed.
18:49:20 INFO  : Registering command handlers for Vitis TCF services
18:49:21 INFO  : Successfully done query RDI_DATADIR 
18:50:33 INFO  : Result from executing command 'getProjects': RFSoC_Firmware_plt
18:50:33 INFO  : Result from executing command 'getPlatforms': RFSoC_Firmware_plt|E:/RFSoC/GIT/RFSoC/RFSoC_Design_V1_1/VITIS/RFSoC_Firmware_plt/export/RFSoC_Firmware_plt/RFSoC_Firmware_plt.xpfm
18:55:38 INFO  : Build configuration of 'RFSoC_Firmware_app' is updated to 'Release'
18:55:38 INFO  : Checking for BSP changes to sync application flags for project 'RFSoC_Firmware_app'...
