
*** Running vivado
    with args -log RFSoC_Main_blk_proc_sys_reset_0_0.vds -m64 -product Vivado -mode batch -messageDb vivado.pb -notrace -source RFSoC_Main_blk_proc_sys_reset_0_0.tcl



****** Vivado v2020.2 (64-bit)
  **** SW Build 3064766 on Wed Nov 18 09:12:45 MST 2020
  **** IP Build 3064653 on Wed Nov 18 14:17:31 MST 2020
    ** Copyright 1986-2020 Xilinx, Inc. All Rights Reserved.

source RFSoC_Main_blk_proc_sys_reset_0_0.tcl -notrace
INFO: [IP_Flow 19-234] Refreshing IP repositories
INFO: [IP_Flow 19-1700] Loaded user IP repository 'e:/RFSoC/GIT/RFSoC/RFSoC_Design_V1_1/IP_File_01/DAC_Controller_output_0'.
INFO: [IP_Flow 19-1700] Loaded user IP repository 'e:/RFSoC/GIT/RFSoC/RFSoC_Design_V1_1/IP_File_01/DAC_Controller_output_1'.
INFO: [IP_Flow 19-1700] Loaded user IP repository 'e:/RFSoC/GIT/RFSoC/RFSoC_Design_V1_1/IP_File_01/DAC_Controller_output_2'.
INFO: [IP_Flow 19-1700] Loaded user IP repository 'e:/RFSoC/GIT/RFSoC/RFSoC_Design_V1_1/IP_File_01/DAC_Controller_output_3'.
INFO: [IP_Flow 19-1700] Loaded user IP repository 'e:/RFSoC/GIT/RFSoC/RFSoC_Design_V1_1/IP_File_01/DAC_Controller_output_4'.
INFO: [IP_Flow 19-1700] Loaded user IP repository 'e:/RFSoC/GIT/RFSoC/RFSoC_Design_V1_1/IP_File_01/DAC_Controller_output_5'.
INFO: [IP_Flow 19-1700] Loaded user IP repository 'e:/RFSoC/GIT/RFSoC/RFSoC_Design_V1_1/IP_File_01/DAC_Controller_output_6'.
INFO: [IP_Flow 19-1700] Loaded user IP repository 'e:/RFSoC/GIT/RFSoC/RFSoC_Design_V1_1/IP_File_01/DAC_Controller_output_7'.
INFO: [IP_Flow 19-1700] Loaded user IP repository 'e:/RFSoC/GIT/RFSoC/RFSoC_Design_V1_1/IP_File_01/TimeController_output'.
INFO: [IP_Flow 19-2313] Loaded Vivado IP repository 'E:/Xilinx/Vivado/2020.2/data/ip'.
WARNING: [IP_Flow 19-4995] The host OS only allows 260 characters in a normal path. The IP cache path is more than 80 characters. If you experience issues with IP caching, please consider changing the IP cache to a location with a shorter path. Alternately consider using the OS subst command to map part of the path to a drive letter. 
Current IP cache path is e:/RFSoC/GIT/RFSoC/RFSoC_Design_V1_1/IP_File_01/RFSoC_Main_output/RFSoC_Main/RFSoC_Main.cache/ip 
Command: synth_design -top RFSoC_Main_blk_proc_sys_reset_0_0 -part xczu28dr-ffvg1517-2-e -mode out_of_context
Starting synth_design
Attempting to get a license for feature 'Synthesis' and/or device 'xczu28dr'
INFO: [Common 17-349] Got license for feature 'Synthesis' and/or device 'xczu28dr'
INFO: [Device 21-403] Loading part xczu28dr-ffvg1517-2-e
INFO: [Synth 8-7079] Multithreading enabled for synth_design using a maximum of 2 processes.
INFO: [Synth 8-7078] Launching helper process for spawning children vivado processes
INFO: [Synth 8-7075] Helper process launched with PID 21332
load diablo GTM unisim library
---------------------------------------------------------------------------------
Starting RTL Elaboration : Time (s): cpu = 00:00:04 ; elapsed = 00:00:06 . Memory (MB): peak = 1799.910 ; gain = 185.703
---------------------------------------------------------------------------------
INFO: [Synth 8-638] synthesizing module 'RFSoC_Main_blk_proc_sys_reset_0_0' [e:/RFSoC/GIT/RFSoC/RFSoC_Design_V1_1/IP_File_01/RFSoC_Main_output/RFSoC_Main/RFSoC_Main.gen/sources_1/bd/RFSoC_Main_blk/ip/RFSoC_Main_blk_proc_sys_reset_0_0/synth/RFSoC_Main_blk_proc_sys_reset_0_0.vhd:74]
	Parameter C_FAMILY bound to: zynquplus - type: string 
	Parameter C_EXT_RST_WIDTH bound to: 4 - type: integer 
	Parameter C_AUX_RST_WIDTH bound to: 4 - type: integer 
	Parameter C_EXT_RESET_HIGH bound to: 1'b0 
	Parameter C_AUX_RESET_HIGH bound to: 1'b0 
	Parameter C_NUM_BUS_RST bound to: 1 - type: integer 
	Parameter C_NUM_PERP_RST bound to: 1 - type: integer 
	Parameter C_NUM_INTERCONNECT_ARESETN bound to: 1 - type: integer 
	Parameter C_NUM_PERP_ARESETN bound to: 1 - type: integer 
INFO: [Synth 8-3491] module 'proc_sys_reset' declared at 'e:/RFSoC/GIT/RFSoC/RFSoC_Design_V1_1/IP_File_01/RFSoC_Main_output/RFSoC_Main/RFSoC_Main.gen/sources_1/bd/RFSoC_Main_blk/ipshared/8842/hdl/proc_sys_reset_v5_0_vh_rfs.vhd:1264' bound to instance 'U0' of component 'proc_sys_reset' [e:/RFSoC/GIT/RFSoC/RFSoC_Design_V1_1/IP_File_01/RFSoC_Main_output/RFSoC_Main/RFSoC_Main.gen/sources_1/bd/RFSoC_Main_blk/ip/RFSoC_Main_blk_proc_sys_reset_0_0/synth/RFSoC_Main_blk_proc_sys_reset_0_0.vhd:129]
INFO: [Synth 8-638] synthesizing module 'proc_sys_reset' [e:/RFSoC/GIT/RFSoC/RFSoC_Design_V1_1/IP_File_01/RFSoC_Main_output/RFSoC_Main/RFSoC_Main.gen/sources_1/bd/RFSoC_Main_blk/ipshared/8842/hdl/proc_sys_reset_v5_0_vh_rfs.vhd:1323]
	Parameter C_FAMILY bound to: zynquplus - type: string 
	Parameter C_EXT_RST_WIDTH bound to: 4 - type: integer 
	Parameter C_AUX_RST_WIDTH bound to: 4 - type: integer 
	Parameter C_EXT_RESET_HIGH bound to: 1'b0 
	Parameter C_AUX_RESET_HIGH bound to: 1'b0 
	Parameter C_NUM_BUS_RST bound to: 1 - type: integer 
	Parameter C_NUM_PERP_RST bound to: 1 - type: integer 
	Parameter C_NUM_INTERCONNECT_ARESETN bound to: 1 - type: integer 
	Parameter C_NUM_PERP_ARESETN bound to: 1 - type: integer 
	Parameter INIT bound to: 1'b1 
	Parameter IS_C_INVERTED bound to: 1'b0 
	Parameter IS_D_INVERTED bound to: 1'b0 
	Parameter IS_R_INVERTED bound to: 1'b0 
INFO: [Synth 8-113] binding component instance 'FDRE_inst' to cell 'FDRE' [e:/RFSoC/GIT/RFSoC/RFSoC_Design_V1_1/IP_File_01/RFSoC_Main_output/RFSoC_Main/RFSoC_Main.gen/sources_1/bd/RFSoC_Main_blk/ipshared/8842/hdl/proc_sys_reset_v5_0_vh_rfs.vhd:1392]
	Parameter INIT bound to: 1'b1 
	Parameter IS_C_INVERTED bound to: 1'b0 
	Parameter IS_D_INVERTED bound to: 1'b0 
	Parameter IS_R_INVERTED bound to: 1'b0 
INFO: [Synth 8-113] binding component instance 'FDRE_BSR' to cell 'FDRE' [e:/RFSoC/GIT/RFSoC/RFSoC_Design_V1_1/IP_File_01/RFSoC_Main_output/RFSoC_Main/RFSoC_Main.gen/sources_1/bd/RFSoC_Main_blk/ipshared/8842/hdl/proc_sys_reset_v5_0_vh_rfs.vhd:1408]
	Parameter INIT bound to: 1'b0 
	Parameter IS_C_INVERTED bound to: 1'b0 
	Parameter IS_D_INVERTED bound to: 1'b0 
	Parameter IS_R_INVERTED bound to: 1'b0 
INFO: [Synth 8-113] binding component instance 'FDRE_BSR_N' to cell 'FDRE' [e:/RFSoC/GIT/RFSoC/RFSoC_Design_V1_1/IP_File_01/RFSoC_Main_output/RFSoC_Main/RFSoC_Main.gen/sources_1/bd/RFSoC_Main_blk/ipshared/8842/hdl/proc_sys_reset_v5_0_vh_rfs.vhd:1434]
	Parameter INIT bound to: 1'b1 
	Parameter IS_C_INVERTED bound to: 1'b0 
	Parameter IS_D_INVERTED bound to: 1'b0 
	Parameter IS_R_INVERTED bound to: 1'b0 
INFO: [Synth 8-113] binding component instance 'FDRE_PER' to cell 'FDRE' [e:/RFSoC/GIT/RFSoC/RFSoC_Design_V1_1/IP_File_01/RFSoC_Main_output/RFSoC_Main/RFSoC_Main.gen/sources_1/bd/RFSoC_Main_blk/ipshared/8842/hdl/proc_sys_reset_v5_0_vh_rfs.vhd:1457]
	Parameter INIT bound to: 1'b0 
	Parameter IS_C_INVERTED bound to: 1'b0 
	Parameter IS_D_INVERTED bound to: 1'b0 
	Parameter IS_R_INVERTED bound to: 1'b0 
INFO: [Synth 8-113] binding component instance 'FDRE_PER_N' to cell 'FDRE' [e:/RFSoC/GIT/RFSoC/RFSoC_Design_V1_1/IP_File_01/RFSoC_Main_output/RFSoC_Main/RFSoC_Main.gen/sources_1/bd/RFSoC_Main_blk/ipshared/8842/hdl/proc_sys_reset_v5_0_vh_rfs.vhd:1481]
INFO: [Synth 8-638] synthesizing module 'lpf' [e:/RFSoC/GIT/RFSoC/RFSoC_Design_V1_1/IP_File_01/RFSoC_Main_output/RFSoC_Main/RFSoC_Main.gen/sources_1/bd/RFSoC_Main_blk/ipshared/8842/hdl/proc_sys_reset_v5_0_vh_rfs.vhd:816]
	Parameter C_EXT_RST_WIDTH bound to: 4 - type: integer 
	Parameter C_AUX_RST_WIDTH bound to: 4 - type: integer 
	Parameter C_EXT_RESET_HIGH bound to: 1'b0 
	Parameter C_AUX_RESET_HIGH bound to: 1'b0 
INFO: [Synth 8-3491] module 'SRL16' declared at 'E:/Xilinx/Vivado/2020.2/scripts/rt/data/unisim_comp_diablo.v:78840' bound to instance 'POR_SRL_I' of component 'SRL16' [e:/RFSoC/GIT/RFSoC/RFSoC_Design_V1_1/IP_File_01/RFSoC_Main_output/RFSoC_Main/RFSoC_Main.gen/sources_1/bd/RFSoC_Main_blk/ipshared/8842/hdl/proc_sys_reset_v5_0_vh_rfs.vhd:868]
INFO: [Synth 8-6157] synthesizing module 'SRL16' [E:/Xilinx/Vivado/2020.2/scripts/rt/data/unisim_comp_diablo.v:78840]
	Parameter INIT bound to: 16'b0000000000000000 
INFO: [Synth 8-6155] done synthesizing module 'SRL16' (1#1) [E:/Xilinx/Vivado/2020.2/scripts/rt/data/unisim_comp_diablo.v:78840]
INFO: [Synth 8-638] synthesizing module 'cdc_sync' [e:/RFSoC/GIT/RFSoC/RFSoC_Design_V1_1/IP_File_01/RFSoC_Main_output/RFSoC_Main/RFSoC_Main.gen/sources_1/bd/RFSoC_Main_blk/ipshared/ef1e/hdl/lib_cdc_v1_0_rfs.vhd:106]
	Parameter C_CDC_TYPE bound to: 1 - type: integer 
	Parameter C_RESET_STATE bound to: 0 - type: integer 
	Parameter C_SINGLE_BIT bound to: 1 - type: integer 
	Parameter C_FLOP_INPUT bound to: 0 - type: integer 
	Parameter C_VECTOR_WIDTH bound to: 2 - type: integer 
	Parameter C_MTBF_STAGES bound to: 4 - type: integer 
	Parameter INIT bound to: 1'b0 
INFO: [Synth 8-113] binding component instance 'CROSS_PLEVEL_IN2SCNDRY_IN_cdc_to' to cell 'FDR' [e:/RFSoC/GIT/RFSoC/RFSoC_Design_V1_1/IP_File_01/RFSoC_Main_output/RFSoC_Main/RFSoC_Main.gen/sources_1/bd/RFSoC_Main_blk/ipshared/ef1e/hdl/lib_cdc_v1_0_rfs.vhd:514]
	Parameter INIT bound to: 1'b0 
INFO: [Synth 8-113] binding component instance 'CROSS_PLEVEL_IN2SCNDRY_s_level_out_d2' to cell 'FDR' [e:/RFSoC/GIT/RFSoC/RFSoC_Design_V1_1/IP_File_01/RFSoC_Main_output/RFSoC_Main/RFSoC_Main.gen/sources_1/bd/RFSoC_Main_blk/ipshared/ef1e/hdl/lib_cdc_v1_0_rfs.vhd:545]
	Parameter INIT bound to: 1'b0 
INFO: [Synth 8-113] binding component instance 'CROSS_PLEVEL_IN2SCNDRY_s_level_out_d3' to cell 'FDR' [e:/RFSoC/GIT/RFSoC/RFSoC_Design_V1_1/IP_File_01/RFSoC_Main_output/RFSoC_Main/RFSoC_Main.gen/sources_1/bd/RFSoC_Main_blk/ipshared/ef1e/hdl/lib_cdc_v1_0_rfs.vhd:554]
	Parameter INIT bound to: 1'b0 
INFO: [Synth 8-113] binding component instance 'CROSS_PLEVEL_IN2SCNDRY_s_level_out_d4' to cell 'FDR' [e:/RFSoC/GIT/RFSoC/RFSoC_Design_V1_1/IP_File_01/RFSoC_Main_output/RFSoC_Main/RFSoC_Main.gen/sources_1/bd/RFSoC_Main_blk/ipshared/ef1e/hdl/lib_cdc_v1_0_rfs.vhd:564]
	Parameter INIT bound to: 1'b0 
INFO: [Synth 8-113] binding component instance 'CROSS_PLEVEL_IN2SCNDRY_s_level_out_d5' to cell 'FDR' [e:/RFSoC/GIT/RFSoC/RFSoC_Design_V1_1/IP_File_01/RFSoC_Main_output/RFSoC_Main/RFSoC_Main.gen/sources_1/bd/RFSoC_Main_blk/ipshared/ef1e/hdl/lib_cdc_v1_0_rfs.vhd:574]
	Parameter INIT bound to: 1'b0 
INFO: [Synth 8-113] binding component instance 'CROSS_PLEVEL_IN2SCNDRY_s_level_out_d6' to cell 'FDR' [e:/RFSoC/GIT/RFSoC/RFSoC_Design_V1_1/IP_File_01/RFSoC_Main_output/RFSoC_Main/RFSoC_Main.gen/sources_1/bd/RFSoC_Main_blk/ipshared/ef1e/hdl/lib_cdc_v1_0_rfs.vhd:584]
INFO: [Synth 8-256] done synthesizing module 'cdc_sync' (2#1) [e:/RFSoC/GIT/RFSoC/RFSoC_Design_V1_1/IP_File_01/RFSoC_Main_output/RFSoC_Main/RFSoC_Main.gen/sources_1/bd/RFSoC_Main_blk/ipshared/ef1e/hdl/lib_cdc_v1_0_rfs.vhd:106]
INFO: [Synth 8-256] done synthesizing module 'lpf' (3#1) [e:/RFSoC/GIT/RFSoC/RFSoC_Design_V1_1/IP_File_01/RFSoC_Main_output/RFSoC_Main/RFSoC_Main.gen/sources_1/bd/RFSoC_Main_blk/ipshared/8842/hdl/proc_sys_reset_v5_0_vh_rfs.vhd:816]
INFO: [Synth 8-638] synthesizing module 'sequence_psr' [e:/RFSoC/GIT/RFSoC/RFSoC_Design_V1_1/IP_File_01/RFSoC_Main_output/RFSoC_Main/RFSoC_Main.gen/sources_1/bd/RFSoC_Main_blk/ipshared/8842/hdl/proc_sys_reset_v5_0_vh_rfs.vhd:301]
INFO: [Synth 8-638] synthesizing module 'upcnt_n' [e:/RFSoC/GIT/RFSoC/RFSoC_Design_V1_1/IP_File_01/RFSoC_Main_output/RFSoC_Main/RFSoC_Main.gen/sources_1/bd/RFSoC_Main_blk/ipshared/8842/hdl/proc_sys_reset_v5_0_vh_rfs.vhd:125]
	Parameter C_SIZE bound to: 6 - type: integer 
INFO: [Synth 8-256] done synthesizing module 'upcnt_n' (4#1) [e:/RFSoC/GIT/RFSoC/RFSoC_Design_V1_1/IP_File_01/RFSoC_Main_output/RFSoC_Main/RFSoC_Main.gen/sources_1/bd/RFSoC_Main_blk/ipshared/8842/hdl/proc_sys_reset_v5_0_vh_rfs.vhd:125]
INFO: [Synth 8-256] done synthesizing module 'sequence_psr' (5#1) [e:/RFSoC/GIT/RFSoC/RFSoC_Design_V1_1/IP_File_01/RFSoC_Main_output/RFSoC_Main/RFSoC_Main.gen/sources_1/bd/RFSoC_Main_blk/ipshared/8842/hdl/proc_sys_reset_v5_0_vh_rfs.vhd:301]
INFO: [Synth 8-256] done synthesizing module 'proc_sys_reset' (6#1) [e:/RFSoC/GIT/RFSoC/RFSoC_Design_V1_1/IP_File_01/RFSoC_Main_output/RFSoC_Main/RFSoC_Main.gen/sources_1/bd/RFSoC_Main_blk/ipshared/8842/hdl/proc_sys_reset_v5_0_vh_rfs.vhd:1323]
INFO: [Synth 8-256] done synthesizing module 'RFSoC_Main_blk_proc_sys_reset_0_0' (7#1) [e:/RFSoC/GIT/RFSoC/RFSoC_Design_V1_1/IP_File_01/RFSoC_Main_output/RFSoC_Main/RFSoC_Main.gen/sources_1/bd/RFSoC_Main_blk/ip/RFSoC_Main_blk_proc_sys_reset_0_0/synth/RFSoC_Main_blk_proc_sys_reset_0_0.vhd:74]
---------------------------------------------------------------------------------
Finished RTL Elaboration : Time (s): cpu = 00:00:05 ; elapsed = 00:00:07 . Memory (MB): peak = 1840.590 ; gain = 226.383
---------------------------------------------------------------------------------
---------------------------------------------------------------------------------
Start Handling Custom Attributes
---------------------------------------------------------------------------------
---------------------------------------------------------------------------------
Finished Handling Custom Attributes : Time (s): cpu = 00:00:06 ; elapsed = 00:00:07 . Memory (MB): peak = 1858.504 ; gain = 244.297
---------------------------------------------------------------------------------
---------------------------------------------------------------------------------
Finished RTL Optimization Phase 1 : Time (s): cpu = 00:00:06 ; elapsed = 00:00:07 . Memory (MB): peak = 1858.504 ; gain = 244.297
---------------------------------------------------------------------------------
Netlist sorting complete. Time (s): cpu = 00:00:00 ; elapsed = 00:00:00.001 . Memory (MB): peak = 1870.574 ; gain = 0.000
INFO: [Netlist 29-17] Analyzing 13 Unisim elements for replacement
INFO: [Netlist 29-28] Unisim Transformation completed in 0 CPU seconds
INFO: [Project 1-570] Preparing netlist for logic optimization

Processing XDC Constraints
Initializing timing engine
Parsing XDC File [e:/RFSoC/GIT/RFSoC/RFSoC_Design_V1_1/IP_File_01/RFSoC_Main_output/RFSoC_Main/RFSoC_Main.gen/sources_1/bd/RFSoC_Main_blk/ip/RFSoC_Main_blk_proc_sys_reset_0_0/RFSoC_Main_blk_proc_sys_reset_0_0_ooc.xdc] for cell 'U0'
create_clock: Time (s): cpu = 00:00:05 ; elapsed = 00:00:05 . Memory (MB): peak = 1998.867 ; gain = 5.062
Finished Parsing XDC File [e:/RFSoC/GIT/RFSoC/RFSoC_Design_V1_1/IP_File_01/RFSoC_Main_output/RFSoC_Main/RFSoC_Main.gen/sources_1/bd/RFSoC_Main_blk/ip/RFSoC_Main_blk_proc_sys_reset_0_0/RFSoC_Main_blk_proc_sys_reset_0_0_ooc.xdc] for cell 'U0'
Parsing XDC File [e:/RFSoC/GIT/RFSoC/RFSoC_Design_V1_1/IP_File_01/RFSoC_Main_output/RFSoC_Main/RFSoC_Main.gen/sources_1/bd/RFSoC_Main_blk/ip/RFSoC_Main_blk_proc_sys_reset_0_0/RFSoC_Main_blk_proc_sys_reset_0_0_board.xdc] for cell 'U0'
Finished Parsing XDC File [e:/RFSoC/GIT/RFSoC/RFSoC_Design_V1_1/IP_File_01/RFSoC_Main_output/RFSoC_Main/RFSoC_Main.gen/sources_1/bd/RFSoC_Main_blk/ip/RFSoC_Main_blk_proc_sys_reset_0_0/RFSoC_Main_blk_proc_sys_reset_0_0_board.xdc] for cell 'U0'
Parsing XDC File [e:/RFSoC/GIT/RFSoC/RFSoC_Design_V1_1/IP_File_01/RFSoC_Main_output/RFSoC_Main/RFSoC_Main.gen/sources_1/bd/RFSoC_Main_blk/ip/RFSoC_Main_blk_proc_sys_reset_0_0/RFSoC_Main_blk_proc_sys_reset_0_0.xdc] for cell 'U0'
Finished Parsing XDC File [e:/RFSoC/GIT/RFSoC/RFSoC_Design_V1_1/IP_File_01/RFSoC_Main_output/RFSoC_Main/RFSoC_Main.gen/sources_1/bd/RFSoC_Main_blk/ip/RFSoC_Main_blk_proc_sys_reset_0_0/RFSoC_Main_blk_proc_sys_reset_0_0.xdc] for cell 'U0'
Parsing XDC File [E:/RFSoC/GIT/RFSoC/RFSoC_Design_V1_1/IP_File_01/RFSoC_Main_output/RFSoC_Main/RFSoC_Main.runs/RFSoC_Main_blk_proc_sys_reset_0_0_synth_1/dont_touch.xdc]
Finished Parsing XDC File [E:/RFSoC/GIT/RFSoC/RFSoC_Design_V1_1/IP_File_01/RFSoC_Main_output/RFSoC_Main/RFSoC_Main.runs/RFSoC_Main_blk_proc_sys_reset_0_0_synth_1/dont_touch.xdc]
Completed Processing XDC Constraints

Netlist sorting complete. Time (s): cpu = 00:00:00 ; elapsed = 00:00:00 . Memory (MB): peak = 1998.867 ; gain = 0.000
INFO: [Project 1-111] Unisim Transformation Summary:
  A total of 13 instances were transformed.
  FDR => FDRE: 12 instances
  SRL16 => SRL16E: 1 instance 

Constraint Validation Runtime : Time (s): cpu = 00:00:00 ; elapsed = 00:00:00.086 . Memory (MB): peak = 1998.867 ; gain = 0.000
load diablo GTM unisim library
---------------------------------------------------------------------------------
Finished Constraint Validation : Time (s): cpu = 00:00:16 ; elapsed = 00:00:19 . Memory (MB): peak = 1998.867 ; gain = 384.660
---------------------------------------------------------------------------------
---------------------------------------------------------------------------------
Start Loading Part and Timing Information
---------------------------------------------------------------------------------
Loading part: xczu28dr-ffvg1517-2-e
INFO: [Synth 8-6742] Reading net delay rules and data
---------------------------------------------------------------------------------
Finished Loading Part and Timing Information : Time (s): cpu = 00:00:16 ; elapsed = 00:00:19 . Memory (MB): peak = 1998.867 ; gain = 384.660
---------------------------------------------------------------------------------
---------------------------------------------------------------------------------
Start Applying 'set_property' XDC Constraints
---------------------------------------------------------------------------------
Applied set_property KEEP_HIERARCHY = SOFT for U0. (constraint file  E:/RFSoC/GIT/RFSoC/RFSoC_Design_V1_1/IP_File_01/RFSoC_Main_output/RFSoC_Main/RFSoC_Main.runs/RFSoC_Main_blk_proc_sys_reset_0_0_synth_1/dont_touch.xdc, line 9).
---------------------------------------------------------------------------------
Finished applying 'set_property' XDC Constraints : Time (s): cpu = 00:00:16 ; elapsed = 00:00:19 . Memory (MB): peak = 1998.867 ; gain = 384.660
---------------------------------------------------------------------------------
---------------------------------------------------------------------------------
Finished RTL Optimization Phase 2 : Time (s): cpu = 00:00:16 ; elapsed = 00:00:19 . Memory (MB): peak = 1998.867 ; gain = 384.660
---------------------------------------------------------------------------------
---------------------------------------------------------------------------------
Start RTL Component Statistics 
---------------------------------------------------------------------------------
Detailed RTL Component Info : 
+---Adders : 
	   2 Input    6 Bit       Adders := 1     
+---Registers : 
	                6 Bit    Registers := 1     
	                3 Bit    Registers := 3     
	                1 Bit    Registers := 8     
+---Muxes : 
	   2 Input    6 Bit        Muxes := 1     
	   2 Input    1 Bit        Muxes := 1     
---------------------------------------------------------------------------------
Finished RTL Component Statistics 
---------------------------------------------------------------------------------
---------------------------------------------------------------------------------
Start Part Resource Summary
---------------------------------------------------------------------------------
Part Resources:
DSPs: 4272 (col length:192)
BRAMs: 2160 (col length: RAMB18 192 RAMB36 96)
---------------------------------------------------------------------------------
Finished Part Resource Summary
---------------------------------------------------------------------------------
---------------------------------------------------------------------------------
Start Cross Boundary and Area Optimization
---------------------------------------------------------------------------------
---------------------------------------------------------------------------------
Finished Cross Boundary and Area Optimization : Time (s): cpu = 00:00:17 ; elapsed = 00:00:20 . Memory (MB): peak = 1998.867 ; gain = 384.660
---------------------------------------------------------------------------------
---------------------------------------------------------------------------------
Start Applying XDC Timing Constraints
---------------------------------------------------------------------------------
---------------------------------------------------------------------------------
Finished Applying XDC Timing Constraints : Time (s): cpu = 00:00:28 ; elapsed = 00:00:33 . Memory (MB): peak = 2384.566 ; gain = 770.359
---------------------------------------------------------------------------------
---------------------------------------------------------------------------------
Start Timing Optimization
---------------------------------------------------------------------------------
---------------------------------------------------------------------------------
Finished Timing Optimization : Time (s): cpu = 00:00:28 ; elapsed = 00:00:33 . Memory (MB): peak = 2384.641 ; gain = 770.434
---------------------------------------------------------------------------------
---------------------------------------------------------------------------------
Start Technology Mapping
---------------------------------------------------------------------------------
---------------------------------------------------------------------------------
Finished Technology Mapping : Time (s): cpu = 00:00:28 ; elapsed = 00:00:33 . Memory (MB): peak = 2413.277 ; gain = 799.070
---------------------------------------------------------------------------------
---------------------------------------------------------------------------------
Start IO Insertion
---------------------------------------------------------------------------------
---------------------------------------------------------------------------------
Start Flattening Before IO Insertion
---------------------------------------------------------------------------------
---------------------------------------------------------------------------------
Finished Flattening Before IO Insertion
---------------------------------------------------------------------------------
---------------------------------------------------------------------------------
Start Final Netlist Cleanup
---------------------------------------------------------------------------------
---------------------------------------------------------------------------------
Finished Final Netlist Cleanup
---------------------------------------------------------------------------------
---------------------------------------------------------------------------------
Finished IO Insertion : Time (s): cpu = 00:00:30 ; elapsed = 00:00:35 . Memory (MB): peak = 2413.277 ; gain = 799.070
---------------------------------------------------------------------------------
---------------------------------------------------------------------------------
Start Renaming Generated Instances
---------------------------------------------------------------------------------
---------------------------------------------------------------------------------
Finished Renaming Generated Instances : Time (s): cpu = 00:00:30 ; elapsed = 00:00:35 . Memory (MB): peak = 2413.277 ; gain = 799.070
---------------------------------------------------------------------------------
---------------------------------------------------------------------------------
Start Rebuilding User Hierarchy
---------------------------------------------------------------------------------
---------------------------------------------------------------------------------
Finished Rebuilding User Hierarchy : Time (s): cpu = 00:00:30 ; elapsed = 00:00:35 . Memory (MB): peak = 2413.277 ; gain = 799.070
---------------------------------------------------------------------------------
---------------------------------------------------------------------------------
Start Renaming Generated Ports
---------------------------------------------------------------------------------
---------------------------------------------------------------------------------
Finished Renaming Generated Ports : Time (s): cpu = 00:00:30 ; elapsed = 00:00:35 . Memory (MB): peak = 2413.277 ; gain = 799.070
---------------------------------------------------------------------------------
---------------------------------------------------------------------------------
Start Handling Custom Attributes
---------------------------------------------------------------------------------
---------------------------------------------------------------------------------
Finished Handling Custom Attributes : Time (s): cpu = 00:00:30 ; elapsed = 00:00:35 . Memory (MB): peak = 2413.277 ; gain = 799.070
---------------------------------------------------------------------------------
---------------------------------------------------------------------------------
Start Renaming Generated Nets
---------------------------------------------------------------------------------
---------------------------------------------------------------------------------
Finished Renaming Generated Nets : Time (s): cpu = 00:00:30 ; elapsed = 00:00:35 . Memory (MB): peak = 2413.277 ; gain = 799.070
---------------------------------------------------------------------------------
---------------------------------------------------------------------------------
Start Writing Synthesis Report
---------------------------------------------------------------------------------

Report BlackBoxes: 
+-+--------------+----------+
| |BlackBox name |Instances |
+-+--------------+----------+
+-+--------------+----------+

Report Cell Usage: 
+------+------+------+
|      |Cell  |Count |
+------+------+------+
|1     |LUT1  |     5|
|2     |LUT2  |     9|
|3     |LUT3  |     1|
|4     |LUT4  |     6|
|5     |LUT5  |     3|
|6     |LUT6  |     1|
|7     |SRL16 |     1|
|8     |FDR   |     8|
|9     |FDRE  |    28|
|10    |FDSE  |     4|
+------+------+------+
---------------------------------------------------------------------------------
Finished Writing Synthesis Report : Time (s): cpu = 00:00:30 ; elapsed = 00:00:35 . Memory (MB): peak = 2413.277 ; gain = 799.070
---------------------------------------------------------------------------------
Synthesis finished with 0 errors, 0 critical warnings and 0 warnings.
Synthesis Optimization Runtime : Time (s): cpu = 00:00:17 ; elapsed = 00:00:26 . Memory (MB): peak = 2413.277 ; gain = 658.707
Synthesis Optimization Complete : Time (s): cpu = 00:00:30 ; elapsed = 00:00:35 . Memory (MB): peak = 2413.277 ; gain = 799.070
INFO: [Project 1-571] Translating synthesized netlist
Netlist sorting complete. Time (s): cpu = 00:00:00 ; elapsed = 00:00:00.001 . Memory (MB): peak = 2413.277 ; gain = 0.000
INFO: [Netlist 29-17] Analyzing 9 Unisim elements for replacement
INFO: [Netlist 29-28] Unisim Transformation completed in 0 CPU seconds
INFO: [Project 1-570] Preparing netlist for logic optimization
INFO: [Opt 31-138] Pushed 0 inverter(s) to 0 load pin(s).
Netlist sorting complete. Time (s): cpu = 00:00:00 ; elapsed = 00:00:00 . Memory (MB): peak = 2461.660 ; gain = 0.000
INFO: [Project 1-111] Unisim Transformation Summary:
  A total of 9 instances were transformed.
  FDR => FDRE: 8 instances
  SRL16 => SRL16E: 1 instance 

INFO: [Common 17-83] Releasing license: Synthesis
55 Infos, 1 Warnings, 0 Critical Warnings and 0 Errors encountered.
synth_design completed successfully
synth_design: Time (s): cpu = 00:00:39 ; elapsed = 00:00:48 . Memory (MB): peak = 2461.660 ; gain = 1299.488
INFO: [Common 17-1381] The checkpoint 'E:/RFSoC/GIT/RFSoC/RFSoC_Design_V1_1/IP_File_01/RFSoC_Main_output/RFSoC_Main/RFSoC_Main.runs/RFSoC_Main_blk_proc_sys_reset_0_0_synth_1/RFSoC_Main_blk_proc_sys_reset_0_0.dcp' has been generated.
WARNING: [Common 17-576] 'use_project_ipc' is deprecated. This option is deprecated and no longer used.
INFO: [Coretcl 2-1648] Added synthesis output to IP cache for IP RFSoC_Main_blk_proc_sys_reset_0_0, cache-ID = 79f95c0507b8cd05
INFO: [Coretcl 2-1174] Renamed 6 cell refs.
INFO: [Common 17-1381] The checkpoint 'E:/RFSoC/GIT/RFSoC/RFSoC_Design_V1_1/IP_File_01/RFSoC_Main_output/RFSoC_Main/RFSoC_Main.runs/RFSoC_Main_blk_proc_sys_reset_0_0_synth_1/RFSoC_Main_blk_proc_sys_reset_0_0.dcp' has been generated.
INFO: [runtcl-4] Executing : report_utilization -file RFSoC_Main_blk_proc_sys_reset_0_0_utilization_synth.rpt -pb RFSoC_Main_blk_proc_sys_reset_0_0_utilization_synth.pb
INFO: [Common 17-206] Exiting Vivado at Sat Sep  2 20:39:48 2023...
