#-----------------------------------------------------------
# Vivado v2020.2 (64-bit)
# SW Build 3064766 on Wed Nov 18 09:12:45 MST 2020
# IP Build 3064653 on Wed Nov 18 14:17:31 MST 2020
# Start of session at: Wed Aug  9 16:56:03 2023
# Process ID: 20204
# Current directory: E:/RFSoC/GIT/RFSoC/RFSoC_Design_V1_1/IP_File_00/RFDC_Controller/RFDC_Controller
# Command line: vivado.exe -gui_launcher_event rodinguilauncherevent20096 E:\RFSoC\GIT\RFSoC\RFSoC_Design_V1_1\IP_File_00\RFDC_Controller\RFDC_Controller\RFDC_Controller.xpr
# Log file: E:/RFSoC/GIT/RFSoC/RFSoC_Design_V1_1/IP_File_00/RFDC_Controller/RFDC_Controller/vivado.log
# Journal file: E:/RFSoC/GIT/RFSoC/RFSoC_Design_V1_1/IP_File_00/RFDC_Controller/RFDC_Controller\vivado.jou
#-----------------------------------------------------------
start_gui
open_project E:/RFSoC/GIT/RFSoC/RFSoC_Design_V1_1/IP_File_00/RFDC_Controller/RFDC_Controller/RFDC_Controller.xpr
WARNING: [filemgmt 56-3] Default IP Output Path : Could not find the directory 'E:/RFSoC/GIT/RFSoC/RFSoC_Design_V1_1/IP_File_00/RFDC_Controller/RFDC_Controller/RFDC_Controller.gen/sources_1'.
Scanning sources...
Finished scanning sources
INFO: [IP_Flow 19-234] Refreshing IP repositories
INFO: [IP_Flow 19-1704] No user IP repositories specified
INFO: [IP_Flow 19-2313] Loaded Vivado IP repository 'E:/Xilinx/Vivado/2020.2/data/ip'.
open_project: Time (s): cpu = 00:00:17 ; elapsed = 00:00:20 . Memory (MB): peak = 1117.211 ; gain = 133.844
update_compile_order -fileset sources_1
