Nothing to build in platform 'RFSoC_Firmware_plt'

17:01:37 **** Incremental Build of configuration Release for project RFSoC_Firmware_app ****
make all 
'Building file: E:/RFSoC/GIT/Vivado_prj_manager/Vitis_main/RFSoC_Firmware/simple_lexer.c'
'Invoking: ARM v8 gcc compiler'
aarch64-none-elf-gcc -Wall -O2 -c -fmessage-length=0 -MT"src/simple_lexer.o" -D __BAREMETAL__ -IE:/RFSoC/GIT/RFSoC/RFSoC_Design_V1_1/VITIS/RFSoC_Firmware_plt/export/RFSoC_Firmware_plt/sw/RFSoC_Firmware_plt/standalone_domain/bspinclude/include -MMD -MP -MF"src/simple_lexer.d" -MT"src/simple_lexer.o" -o "src/simple_lexer.o" "E:/RFSoC/GIT/Vivado_prj_manager/Vitis_main/RFSoC_Firmware/simple_lexer.c"
E:/RFSoC/GIT/Vivado_prj_manager/Vitis_main/RFSoC_Firmware/simple_lexer.c: In function 'simple_lexer':
E:/RFSoC/GIT/Vivado_prj_manager/Vitis_main/RFSoC_Firmware/simple_lexer.c:167:1: warning: control reaches end of non-void function [-Wreturn-type]
  167 | }
      | ^
'Finished building: E:/RFSoC/GIT/Vivado_prj_manager/Vitis_main/RFSoC_Firmware/simple_lexer.c'
' '
'Building target: RFSoC_Firmware_app.elf'
'Invoking: ARM v8 gcc linker'
aarch64-none-elf-gcc -Wl,-T -Wl,../src/lscript.ld -LE:/RFSoC/GIT/RFSoC/RFSoC_Design_V1_1/VITIS/RFSoC_Firmware_plt/export/RFSoC_Firmware_plt/sw/RFSoC_Firmware_plt/standalone_domain/bsplib/lib -o "RFSoC_Firmware_app.elf"  ./src/clock_config.o ./src/echo.o ./src/i2c_access.o ./src/iic_phyreset.o ./src/main.o ./src/platform.o ./src/platform_mb.o ./src/platform_ppc.o ./src/platform_zynq.o ./src/platform_zynqmp.o ./src/rfdc_controller.o ./src/run_binary.o ./src/sfp.o ./src/si5324.o ./src/simple_lexer.o ./src/string_process.o   -Wl,--start-group,-lxil,-lgcc,-lc,--end-group -Wl,--start-group,-lxil,-lmetal,-lgcc,-lc,--end-group -Wl,--start-group,-lxil,-llwip4,-lgcc,-lc,--end-group -Wl,--start-group,-lxilpm,-lxil,-lgcc,-lc,--end-group -Wl,--start-group,-lxil,-lgcc,-lc,-lmetal,--end-group
'Finished building target: RFSoC_Firmware_app.elf'
' '
'Invoking: ARM v8 Print Size'
aarch64-none-elf-size RFSoC_Firmware_app.elf  |tee "RFSoC_Firmware_app.elf.size"
   text	   data	    bss	    dec	    hex	filename
 132640	  19952	4280596	4433188	 43a524	RFSoC_Firmware_app.elf
'Finished building: RFSoC_Firmware_app.elf.size'
' '
