
*** Running vivado
    with args -log RFSoC_Main_blk_TimeControllerBuffer_2_0.vds -m64 -product Vivado -mode batch -messageDb vivado.pb -notrace -source RFSoC_Main_blk_TimeControllerBuffer_2_0.tcl



****** Vivado v2020.2 (64-bit)
  **** SW Build 3064766 on Wed Nov 18 09:12:45 MST 2020
  **** IP Build 3064653 on Wed Nov 18 14:17:31 MST 2020
    ** Copyright 1986-2020 Xilinx, Inc. All Rights Reserved.

source RFSoC_Main_blk_TimeControllerBuffer_2_0.tcl -notrace
INFO: [IP_Flow 19-234] Refreshing IP repositories
INFO: [IP_Flow 19-1700] Loaded user IP repository 'e:/RFSoC/GIT/RFSoC/RFSoC_Design_V1_1/IP_File_01/DAC_Controller_output_0'.
INFO: [IP_Flow 19-1700] Loaded user IP repository 'e:/RFSoC/GIT/RFSoC/RFSoC_Design_V1_1/IP_File_01/DAC_Controller_output_1'.
INFO: [IP_Flow 19-1700] Loaded user IP repository 'e:/RFSoC/GIT/RFSoC/RFSoC_Design_V1_1/IP_File_01/DAC_Controller_output_2'.
INFO: [IP_Flow 19-1700] Loaded user IP repository 'e:/RFSoC/GIT/RFSoC/RFSoC_Design_V1_1/IP_File_01/DAC_Controller_output_3'.
INFO: [IP_Flow 19-1700] Loaded user IP repository 'e:/RFSoC/GIT/RFSoC/RFSoC_Design_V1_1/IP_File_01/DAC_Controller_output_4'.
INFO: [IP_Flow 19-1700] Loaded user IP repository 'e:/RFSoC/GIT/RFSoC/RFSoC_Design_V1_1/IP_File_01/DAC_Controller_output_5'.
INFO: [IP_Flow 19-1700] Loaded user IP repository 'e:/RFSoC/GIT/RFSoC/RFSoC_Design_V1_1/IP_File_01/DAC_Controller_output_6'.
INFO: [IP_Flow 19-1700] Loaded user IP repository 'e:/RFSoC/GIT/RFSoC/RFSoC_Design_V1_1/IP_File_01/DAC_Controller_output_7'.
INFO: [IP_Flow 19-1700] Loaded user IP repository 'e:/RFSoC/GIT/RFSoC/RFSoC_Design_V1_1/IP_File_01/TimeController_output'.
INFO: [IP_Flow 19-1700] Loaded user IP repository 'e:/RFSoC/GIT/RFSoC/RFSoC_Design_V1_1/IP_File_01/TimeControllerBuffer_output'.
INFO: [IP_Flow 19-2313] Loaded Vivado IP repository 'E:/Xilinx/Vivado/2020.2/data/ip'.
WARNING: [IP_Flow 19-4995] The host OS only allows 260 characters in a normal path. The IP cache path is more than 80 characters. If you experience issues with IP caching, please consider changing the IP cache to a location with a shorter path. Alternately consider using the OS subst command to map part of the path to a drive letter. 
Current IP cache path is e:/RFSoC/GIT/RFSoC/RFSoC_Design_V1_1/IP_File_01/RFSoC_Main_output/RFSoC_Main/RFSoC_Main.cache/ip 
INFO: [IP_Flow 19-4838] Using cached IP synthesis design for IP RFSoC_Main_blk_TimeControllerBuffer_2_0, cache-ID = 2d2be3716ce6ddc0.
INFO: [Common 17-206] Exiting Vivado at Sun Sep  3 18:50:30 2023...
